22:17:08.120 [main] DEBUG - Parsing relationship: /xl/_rels/workbook.xml.rels
22:17:08.146 [main] DEBUG - Parsing relationship: /_rels/.rels
22:17:08.192 [main] DEBUG - Save content types part
22:17:08.196 [main] DEBUG - Save package relationships
22:17:08.198 [main] DEBUG - Save part 'docProps/app.xml'
22:17:08.199 [main] DEBUG - Save part 'docProps/core.xml'
22:17:08.201 [main] DEBUG - Save part 'xl/sharedStrings.xml'
22:17:08.202 [main] DEBUG - Save part 'xl/styles.xml'
22:17:08.203 [main] DEBUG - Save part 'xl/workbook.xml'
22:17:08.207 [main] DEBUG - Save part 'xl/worksheets/sheet1.xml'
22:17:08.318 [main] DEBUG - Parsing relationship: /xl/_rels/workbook.xml.rels
22:17:08.320 [main] DEBUG - Parsing relationship: /_rels/.rels
22:17:08.351 [main] DEBUG - Save content types part
22:17:08.354 [main] DEBUG - Save package relationships
22:17:08.357 [main] DEBUG - Save part 'docProps/app.xml'
22:17:08.357 [main] DEBUG - Save part 'docProps/core.xml'
22:17:08.360 [main] DEBUG - Save part 'xl/sharedStrings.xml'
22:17:08.360 [main] DEBUG - Save part 'xl/styles.xml'
22:17:08.361 [main] DEBUG - Save part 'xl/workbook.xml'
22:17:08.363 [main] DEBUG - Save part 'xl/worksheets/sheet1.xml'
22:17:08.454 [main] DEBUG - Parsing relationship: /xl/_rels/workbook.xml.rels
22:17:08.456 [main] DEBUG - Parsing relationship: /_rels/.rels
22:17:08.504 [main] DEBUG - Save content types part
22:17:08.508 [main] DEBUG - Save package relationships
22:17:08.513 [main] DEBUG - Save part 'docProps/app.xml'
22:17:08.513 [main] DEBUG - Save part 'docProps/core.xml'
22:17:08.518 [main] DEBUG - Save part 'xl/sharedStrings.xml'
22:17:08.519 [main] DEBUG - Save part 'xl/styles.xml'
22:17:08.520 [main] DEBUG - Save part 'xl/workbook.xml'
22:17:08.527 [main] DEBUG - Save part 'xl/worksheets/sheet1.xml'
22:17:08.613 [main] DEBUG - Parsing relationship: /xl/_rels/workbook.xml.rels
22:17:08.614 [main] DEBUG - Parsing relationship: /_rels/.rels
22:17:08.670 [main] DEBUG - Save content types part
22:17:08.675 [main] DEBUG - Save package relationships
22:17:08.678 [main] DEBUG - Save part 'docProps/app.xml'
22:17:08.679 [main] DEBUG - Save part 'docProps/core.xml'
22:17:08.683 [main] DEBUG - Save part 'xl/sharedStrings.xml'
22:17:08.685 [main] DEBUG - Save part 'xl/styles.xml'
22:17:08.686 [main] DEBUG - Save part 'xl/workbook.xml'
22:17:08.691 [main] DEBUG - Save part 'xl/worksheets/sheet1.xml'
22:17:08.810 [main] DEBUG - Parsing relationship: /xl/_rels/workbook.xml.rels
22:17:08.813 [main] DEBUG - Parsing relationship: /_rels/.rels
22:17:08.869 [main] DEBUG - Save content types part
22:17:08.875 [main] DEBUG - Save package relationships
22:17:08.880 [main] DEBUG - Save part 'docProps/app.xml'
22:17:08.880 [main] DEBUG - Save part 'docProps/core.xml'
22:17:08.883 [main] DEBUG - Save part 'xl/sharedStrings.xml'
22:17:08.884 [main] DEBUG - Save part 'xl/styles.xml'
22:17:08.886 [main] DEBUG - Save part 'xl/workbook.xml'
22:17:08.891 [main] DEBUG - Save part 'xl/worksheets/sheet1.xml'
22:17:08.975 [main] DEBUG - Parsing relationship: /xl/_rels/workbook.xml.rels
22:17:08.977 [main] DEBUG - Parsing relationship: /_rels/.rels
22:17:09.022 [main] DEBUG - Save content types part
22:17:09.025 [main] DEBUG - Save package relationships
22:17:09.029 [main] DEBUG - Save part 'docProps/app.xml'
22:17:09.030 [main] DEBUG - Save part 'docProps/core.xml'
22:17:09.034 [main] DEBUG - Save part 'xl/sharedStrings.xml'
22:17:09.036 [main] DEBUG - Save part 'xl/styles.xml'
22:17:09.040 [main] DEBUG - Save part 'xl/workbook.xml'
22:17:09.044 [main] DEBUG - Save part 'xl/worksheets/sheet1.xml'
22:17:09.151 [main] DEBUG - Parsing relationship: /xl/_rels/workbook.xml.rels
22:17:09.153 [main] DEBUG - Parsing relationship: /_rels/.rels
22:17:09.192 [main] DEBUG - Save content types part
22:17:09.196 [main] DEBUG - Save package relationships
22:17:09.200 [main] DEBUG - Save part 'docProps/app.xml'
22:17:09.202 [main] DEBUG - Save part 'docProps/core.xml'
22:17:09.206 [main] DEBUG - Save part 'xl/sharedStrings.xml'
22:17:09.207 [main] DEBUG - Save part 'xl/styles.xml'
22:17:09.207 [main] DEBUG - Save part 'xl/workbook.xml'
22:17:09.213 [main] DEBUG - Save part 'xl/worksheets/sheet1.xml'
22:17:49.941 [main] TRACE - Loading type system org.apache.poi.schemas.ooxml.system.ooxml
22:17:49.951 [main] TRACE - Loading type system org.apache.xmlbeans.metadata.system.sXMLCONFIG
22:17:49.951 [main] TRACE - Loading type system org.apache.xmlbeans.metadata.system.sXMLLANG
22:17:49.952 [main] TRACE - Loading type system org.apache.xmlbeans.metadata.system.sXMLSCHEMA
22:17:49.953 [main] TRACE - Loading type system org.apache.xmlbeans.metadata.system.sXMLTOOLS
22:17:49.955 [main] TRACE - Reading unresolved handles for type system org.apache.xmlbeans.metadata.system.sXMLTOOLS
22:17:49.973 [main] TRACE - Finished loading type system org.apache.xmlbeans.metadata.system.sXMLTOOLS
22:17:49.974 [main] TRACE - Reading unresolved handles for type system org.apache.xmlbeans.metadata.system.sXMLSCHEMA
22:17:49.982 [main] TRACE - Finished loading type system org.apache.xmlbeans.metadata.system.sXMLSCHEMA
22:17:49.984 [main] TRACE - Reading unresolved handles for type system org.apache.xmlbeans.metadata.system.sXMLLANG
22:17:49.985 [main] TRACE - Finished loading type system org.apache.xmlbeans.metadata.system.sXMLLANG
22:17:49.987 [main] TRACE - Reading unresolved handles for type system org.apache.xmlbeans.metadata.system.sXMLCONFIG
22:17:49.988 [main] TRACE - Finished loading type system org.apache.xmlbeans.metadata.system.sXMLCONFIG
22:17:49.989 [main] TRACE - Reading unresolved handles for type system org.apache.poi.schemas.ooxml.system.ooxml
22:17:50.072 [main] TRACE - Finished loading type system org.apache.poi.schemas.ooxml.system.ooxml
22:17:50.073 [main] TRACE - Resolving type for handle ctworkbook83c3type
22:17:50.137 [main] TRACE - Resolving type for handle ctworkbookpr03a5type
22:17:50.150 [main] TRACE - Resolving type for handle ctbookviewsb864type
22:17:50.152 [main] TRACE - Resolving type for handle ctbookviewf677type
22:17:50.166 [main] TRACE - Resolving type for handle ctsheets49fdtype
22:17:50.172 [main] TRACE - Resolving type for handle propertiesee84doctype
22:17:50.176 [main] TRACE - Resolving type for handle ctproperties3f10type
22:17:50.184 [main] TRACE - Resolving type for handle properties288cdoctype
22:17:50.186 [main] TRACE - Resolving type for handle ctproperties2c18type
22:17:50.199 [main] TRACE - Resolving type for handle sstf81fdoctype
22:17:50.202 [main] TRACE - Resolving type for handle ctsst44f3type
22:17:50.213 [main] TRACE - Resolving type for handle stylesheet5d8bdoctype
22:17:50.215 [main] TRACE - Resolving type for handle ctstylesheet4257type
22:17:50.218 [main] TRACE - Resolving type for handle ctfont14d8type
22:17:50.227 [main] TRACE - Resolving type for handle ctfontsizeb3b9type
22:17:50.231 [main] TRACE - Resolving type for handle ctcolord2c2type
22:17:50.234 [main] TRACE - Resolving type for handle ctfontname2dc3type
22:17:50.236 [main] TRACE - Resolving type for handle stxstringf179type
22:17:50.238 [main] TRACE - Resolving type for handle ctfontfamily685ctype
22:17:50.240 [main] TRACE - Resolving type for handle stfontfamily9c6ctype
22:17:50.246 [main] TRACE - Resolving type for handle ctfontschemebf5dtype
22:17:50.250 [main] TRACE - Resolving type for handle stfontschemef36dtype
22:17:50.253 [main] TRACE - Resolving type for handle ctfill550ctype
22:17:50.255 [main] TRACE - Resolving type for handle ctpatternfill7452type
22:17:50.260 [main] TRACE - Resolving type for handle stpatterntype7939type
22:17:50.263 [main] TRACE - Resolving type for handle ctborderf935type
22:17:50.266 [main] TRACE - Resolving type for handle ctborderpre497type
22:17:50.271 [main] TRACE - Resolving type for handle ctxf97f7type
22:17:50.277 [main] TRACE - Resolving type for handle stnumfmtid76fbtype
22:17:50.279 [main] TRACE - Resolving type for handle stfontid9d63type
22:17:50.280 [main] TRACE - Resolving type for handle stfillida097type
22:17:50.282 [main] TRACE - Resolving type for handle stborderid1a80type
22:17:50.283 [main] TRACE - Resolving type for handle stcellstylexfid70c7type
22:17:50.292 [main] TRACE - Resolving type for handle ctsheet4dbetype
22:17:50.301 [main] TRACE - Resolving type for handle ctworksheet530dtype
22:17:50.310 [main] TRACE - Resolving type for handle ctsheetformatprdef7type
22:17:50.318 [main] TRACE - Resolving type for handle ctsheetviewsb918type
22:17:50.322 [main] TRACE - Resolving type for handle ctsheetview0f43type
22:17:50.331 [main] TRACE - Resolving type for handle ctsheetdimensiond310type
22:17:50.334 [main] TRACE - Resolving type for handle stref90a2type
22:17:50.336 [main] TRACE - Resolving type for handle ctsheetdata8408type
22:17:50.340 [main] TRACE - Resolving type for handle ctpagemargins5455type
22:17:50.351 [main] TRACE - Resolving type for handle ctcols627ctype
22:17:50.355 [main] TRACE - Resolving type for handle strelationshipid1e94type
22:17:50.358 [main] TRACE - Resolving type for handle ctbooleanproperty1f3ctype
22:17:50.370 [main] TRACE - Resolving type for handle ctrowdd39type
22:17:50.383 [main] TRACE - Resolving type for handle ctcell842btype
22:17:50.397 [main] TRACE - Resolving type for handle stcellrefe4e0type
22:17:50.401 [main] TRACE - Resolving type for handle ctrsta472type
22:17:50.406 [main] TRACE - Resolving type for handle stcelltypebf95type
22:17:50.439 [main] TRACE - Resolving type for handle ctnumfmtsb58btype
22:17:50.442 [main] TRACE - Resolving type for handle ctfonts6623type
22:17:50.450 [main] TRACE - Resolving type for handle ctfills2c6ftype
22:17:50.453 [main] TRACE - Resolving type for handle ctborders0d66type
22:17:50.456 [main] TRACE - Resolving type for handle ctcellxfs1322type
22:17:50.460 [main] TRACE - Resolving type for handle ctcellstylexfsa81ftype
22:17:50.481 [main] DEBUG - Save core properties part
22:17:50.481 [main] DEBUG - Save content types part
22:17:50.664 [main] DEBUG - Save package relationships
22:17:50.680 [main] DEBUG - Save part 'docProps/app.xml'
22:17:50.686 [main] DEBUG - Save part 'docProps/core.xml'
22:17:50.705 [main] DEBUG - Save part 'xl/sharedStrings.xml'
22:17:50.706 [main] DEBUG - Save part 'xl/styles.xml'
22:17:50.708 [main] DEBUG - Save part 'xl/workbook.xml'
22:17:50.712 [main] DEBUG - Save part 'xl/worksheets/sheet1.xml'
22:17:50.719 [main] DEBUG - Save content types part
22:17:50.723 [main] DEBUG - Save package relationships
22:17:50.726 [main] DEBUG - Save part 'docProps/app.xml'
22:17:50.728 [main] DEBUG - Save part 'docProps/core.xml'
22:17:50.731 [main] DEBUG - Save part 'xl/sharedStrings.xml'
22:17:50.732 [main] DEBUG - Save part 'xl/styles.xml'
22:17:50.732 [main] DEBUG - Save part 'xl/workbook.xml'
22:17:50.735 [main] DEBUG - Save part 'xl/worksheets/sheet1.xml'
22:17:58.951 [main] DEBUG - Parsing relationship: /xl/_rels/workbook.xml.rels
22:17:58.956 [main] DEBUG - Parsing relationship: /_rels/.rels
22:17:59.088 [main] TRACE - Resolving type for handle workbookec17doctype
22:17:59.099 [main] TRACE - Resolving type for handle worksheetf539doctype
22:17:59.138 [main] DEBUG - Save content types part
22:17:59.143 [main] DEBUG - Save package relationships
22:17:59.147 [main] DEBUG - Save part 'docProps/app.xml'
22:17:59.148 [main] DEBUG - Save part 'docProps/core.xml'
22:17:59.152 [main] DEBUG - Save part 'xl/sharedStrings.xml'
22:17:59.152 [main] DEBUG - Save part 'xl/styles.xml'
22:17:59.153 [main] DEBUG - Save part 'xl/workbook.xml'
22:17:59.157 [main] DEBUG - Save part 'xl/worksheets/sheet1.xml'
22:17:59.309 [main] DEBUG - Parsing relationship: /xl/_rels/workbook.xml.rels
22:17:59.311 [main] DEBUG - Parsing relationship: /_rels/.rels
22:17:59.366 [main] DEBUG - Save content types part
22:17:59.370 [main] DEBUG - Save package relationships
22:17:59.375 [main] DEBUG - Save part 'docProps/app.xml'
22:17:59.376 [main] DEBUG - Save part 'docProps/core.xml'
22:17:59.378 [main] DEBUG - Save part 'xl/sharedStrings.xml'
22:17:59.379 [main] DEBUG - Save part 'xl/styles.xml'
22:17:59.379 [main] DEBUG - Save part 'xl/workbook.xml'
22:17:59.384 [main] DEBUG - Save part 'xl/worksheets/sheet1.xml'
22:17:59.502 [main] DEBUG - Parsing relationship: /xl/_rels/workbook.xml.rels
22:17:59.505 [main] DEBUG - Parsing relationship: /_rels/.rels
22:17:59.548 [main] DEBUG - Save content types part
22:17:59.552 [main] DEBUG - Save package relationships
22:17:59.556 [main] DEBUG - Save part 'docProps/app.xml'
22:17:59.557 [main] DEBUG - Save part 'docProps/core.xml'
22:17:59.561 [main] DEBUG - Save part 'xl/sharedStrings.xml'
22:17:59.562 [main] DEBUG - Save part 'xl/styles.xml'
22:17:59.563 [main] DEBUG - Save part 'xl/workbook.xml'
22:17:59.567 [main] DEBUG - Save part 'xl/worksheets/sheet1.xml'
22:17:59.660 [main] DEBUG - Parsing relationship: /xl/_rels/workbook.xml.rels
22:17:59.662 [main] DEBUG - Parsing relationship: /_rels/.rels
22:17:59.706 [main] DEBUG - Save content types part
22:17:59.708 [main] DEBUG - Save package relationships
22:17:59.711 [main] DEBUG - Save part 'docProps/app.xml'
22:17:59.712 [main] DEBUG - Save part 'docProps/core.xml'
22:17:59.716 [main] DEBUG - Save part 'xl/sharedStrings.xml'
22:17:59.717 [main] DEBUG - Save part 'xl/styles.xml'
22:17:59.718 [main] DEBUG - Save part 'xl/workbook.xml'
22:17:59.723 [main] DEBUG - Save part 'xl/worksheets/sheet1.xml'
22:17:59.813 [main] DEBUG - Parsing relationship: /xl/_rels/workbook.xml.rels
22:17:59.815 [main] DEBUG - Parsing relationship: /_rels/.rels
22:17:59.855 [main] DEBUG - Save content types part
22:17:59.859 [main] DEBUG - Save package relationships
22:17:59.861 [main] DEBUG - Save part 'docProps/app.xml'
22:17:59.861 [main] DEBUG - Save part 'docProps/core.xml'
22:17:59.863 [main] DEBUG - Save part 'xl/sharedStrings.xml'
22:17:59.864 [main] DEBUG - Save part 'xl/styles.xml'
22:17:59.864 [main] DEBUG - Save part 'xl/workbook.xml'
22:17:59.866 [main] DEBUG - Save part 'xl/worksheets/sheet1.xml'
22:17:59.951 [main] DEBUG - Parsing relationship: /xl/_rels/workbook.xml.rels
22:17:59.953 [main] DEBUG - Parsing relationship: /_rels/.rels
22:17:59.991 [main] DEBUG - Save content types part
22:17:59.995 [main] DEBUG - Save package relationships
22:17:59.999 [main] DEBUG - Save part 'docProps/app.xml'
22:18:00.000 [main] DEBUG - Save part 'docProps/core.xml'
22:18:00.003 [main] DEBUG - Save part 'xl/sharedStrings.xml'
22:18:00.005 [main] DEBUG - Save part 'xl/styles.xml'
22:18:00.006 [main] DEBUG - Save part 'xl/workbook.xml'
22:18:00.010 [main] DEBUG - Save part 'xl/worksheets/sheet1.xml'
22:18:00.120 [main] DEBUG - Parsing relationship: /xl/_rels/workbook.xml.rels
22:18:00.122 [main] DEBUG - Parsing relationship: /_rels/.rels
22:18:00.154 [main] DEBUG - Save content types part
22:18:00.157 [main] DEBUG - Save package relationships
22:18:00.160 [main] DEBUG - Save part 'docProps/app.xml'
22:18:00.160 [main] DEBUG - Save part 'docProps/core.xml'
22:18:00.162 [main] DEBUG - Save part 'xl/sharedStrings.xml'
22:18:00.163 [main] DEBUG - Save part 'xl/styles.xml'
22:18:00.163 [main] DEBUG - Save part 'xl/workbook.xml'
22:18:00.165 [main] DEBUG - Save part 'xl/worksheets/sheet1.xml'
22:18:00.246 [main] DEBUG - Parsing relationship: /xl/_rels/workbook.xml.rels
22:18:00.247 [main] DEBUG - Parsing relationship: /_rels/.rels
22:18:00.281 [main] DEBUG - Save content types part
22:18:00.284 [main] DEBUG - Save package relationships
22:18:00.285 [main] DEBUG - Save part 'docProps/app.xml'
22:18:00.286 [main] DEBUG - Save part 'docProps/core.xml'
22:18:00.287 [main] DEBUG - Save part 'xl/sharedStrings.xml'
22:18:00.288 [main] DEBUG - Save part 'xl/styles.xml'
22:18:00.288 [main] DEBUG - Save part 'xl/workbook.xml'
22:18:00.292 [main] DEBUG - Save part 'xl/worksheets/sheet1.xml'
22:18:00.391 [main] DEBUG - Parsing relationship: /xl/_rels/workbook.xml.rels
22:18:00.394 [main] DEBUG - Parsing relationship: /_rels/.rels
22:18:00.434 [main] DEBUG - Save content types part
22:18:00.438 [main] DEBUG - Save package relationships
22:18:00.441 [main] DEBUG - Save part 'docProps/app.xml'
22:18:00.441 [main] DEBUG - Save part 'docProps/core.xml'
22:18:00.444 [main] DEBUG - Save part 'xl/sharedStrings.xml'
22:18:00.445 [main] DEBUG - Save part 'xl/styles.xml'
22:18:00.446 [main] DEBUG - Save part 'xl/workbook.xml'
22:18:00.449 [main] DEBUG - Save part 'xl/worksheets/sheet1.xml'
22:18:00.536 [main] DEBUG - Parsing relationship: /xl/_rels/workbook.xml.rels
22:18:00.539 [main] DEBUG - Parsing relationship: /_rels/.rels
22:18:00.576 [main] DEBUG - Save content types part
22:18:00.581 [main] DEBUG - Save package relationships
22:18:00.586 [main] DEBUG - Save part 'docProps/app.xml'
22:18:00.587 [main] DEBUG - Save part 'docProps/core.xml'
22:18:00.590 [main] DEBUG - Save part 'xl/sharedStrings.xml'
22:18:00.591 [main] DEBUG - Save part 'xl/styles.xml'
22:18:00.591 [main] DEBUG - Save part 'xl/workbook.xml'
22:18:00.594 [main] DEBUG - Save part 'xl/worksheets/sheet1.xml'
22:18:00.680 [main] DEBUG - Parsing relationship: /xl/_rels/workbook.xml.rels
22:18:00.681 [main] DEBUG - Parsing relationship: /_rels/.rels
22:18:00.714 [main] DEBUG - Save content types part
22:18:00.717 [main] DEBUG - Save package relationships
22:18:00.720 [main] DEBUG - Save part 'docProps/app.xml'
22:18:00.721 [main] DEBUG - Save part 'docProps/core.xml'
22:18:00.725 [main] DEBUG - Save part 'xl/sharedStrings.xml'
22:18:00.726 [main] DEBUG - Save part 'xl/styles.xml'
22:18:00.727 [main] DEBUG - Save part 'xl/workbook.xml'
22:18:00.730 [main] DEBUG - Save part 'xl/worksheets/sheet1.xml'
22:18:00.794 [main] DEBUG - Parsing relationship: /xl/_rels/workbook.xml.rels
22:18:00.795 [main] DEBUG - Parsing relationship: /_rels/.rels
22:18:00.819 [main] DEBUG - Save content types part
22:18:00.822 [main] DEBUG - Save package relationships
22:18:00.825 [main] DEBUG - Save part 'docProps/app.xml'
22:18:00.826 [main] DEBUG - Save part 'docProps/core.xml'
22:18:00.829 [main] DEBUG - Save part 'xl/sharedStrings.xml'
22:18:00.829 [main] DEBUG - Save part 'xl/styles.xml'
22:18:00.829 [main] DEBUG - Save part 'xl/workbook.xml'
22:18:00.833 [main] DEBUG - Save part 'xl/worksheets/sheet1.xml'
22:18:00.925 [main] DEBUG - Parsing relationship: /xl/_rels/workbook.xml.rels
22:18:00.927 [main] DEBUG - Parsing relationship: /_rels/.rels
22:18:00.950 [main] DEBUG - Save content types part
22:18:00.952 [main] DEBUG - Save package relationships
22:18:00.954 [main] DEBUG - Save part 'docProps/app.xml'
22:18:00.954 [main] DEBUG - Save part 'docProps/core.xml'
22:18:00.957 [main] DEBUG - Save part 'xl/sharedStrings.xml'
22:18:00.958 [main] DEBUG - Save part 'xl/styles.xml'
22:18:00.958 [main] DEBUG - Save part 'xl/workbook.xml'
22:18:00.961 [main] DEBUG - Save part 'xl/worksheets/sheet1.xml'
22:22:48.918 [main] TRACE - Loading type system org.apache.poi.schemas.ooxml.system.ooxml
22:22:48.923 [main] TRACE - Loading type system org.apache.xmlbeans.metadata.system.sXMLCONFIG
22:22:48.924 [main] TRACE - Loading type system org.apache.xmlbeans.metadata.system.sXMLLANG
22:22:48.925 [main] TRACE - Loading type system org.apache.xmlbeans.metadata.system.sXMLSCHEMA
22:22:48.925 [main] TRACE - Loading type system org.apache.xmlbeans.metadata.system.sXMLTOOLS
22:22:48.927 [main] TRACE - Reading unresolved handles for type system org.apache.xmlbeans.metadata.system.sXMLTOOLS
22:22:48.942 [main] TRACE - Finished loading type system org.apache.xmlbeans.metadata.system.sXMLTOOLS
22:22:48.944 [main] TRACE - Reading unresolved handles for type system org.apache.xmlbeans.metadata.system.sXMLSCHEMA
22:22:48.951 [main] TRACE - Finished loading type system org.apache.xmlbeans.metadata.system.sXMLSCHEMA
22:22:48.953 [main] TRACE - Reading unresolved handles for type system org.apache.xmlbeans.metadata.system.sXMLLANG
22:22:48.954 [main] TRACE - Finished loading type system org.apache.xmlbeans.metadata.system.sXMLLANG
22:22:48.955 [main] TRACE - Reading unresolved handles for type system org.apache.xmlbeans.metadata.system.sXMLCONFIG
22:22:48.956 [main] TRACE - Finished loading type system org.apache.xmlbeans.metadata.system.sXMLCONFIG
22:22:48.957 [main] TRACE - Reading unresolved handles for type system org.apache.poi.schemas.ooxml.system.ooxml
22:22:49.040 [main] TRACE - Finished loading type system org.apache.poi.schemas.ooxml.system.ooxml
22:22:49.042 [main] TRACE - Resolving type for handle ctworkbook83c3type
22:22:49.109 [main] TRACE - Resolving type for handle ctworkbookpr03a5type
22:22:49.120 [main] TRACE - Resolving type for handle ctbookviewsb864type
22:22:49.123 [main] TRACE - Resolving type for handle ctbookviewf677type
22:22:49.132 [main] TRACE - Resolving type for handle ctsheets49fdtype
22:22:49.136 [main] TRACE - Resolving type for handle propertiesee84doctype
22:22:49.139 [main] TRACE - Resolving type for handle ctproperties3f10type
22:22:49.145 [main] TRACE - Resolving type for handle properties288cdoctype
22:22:49.149 [main] TRACE - Resolving type for handle ctproperties2c18type
22:22:49.161 [main] TRACE - Resolving type for handle sstf81fdoctype
22:22:49.164 [main] TRACE - Resolving type for handle ctsst44f3type
22:22:49.170 [main] TRACE - Resolving type for handle stylesheet5d8bdoctype
22:22:49.172 [main] TRACE - Resolving type for handle ctstylesheet4257type
22:22:49.176 [main] TRACE - Resolving type for handle ctfont14d8type
22:22:49.183 [main] TRACE - Resolving type for handle ctfontsizeb3b9type
22:22:49.191 [main] TRACE - Resolving type for handle ctcolord2c2type
22:22:49.195 [main] TRACE - Resolving type for handle ctfontname2dc3type
22:22:49.200 [main] TRACE - Resolving type for handle stxstringf179type
22:22:49.204 [main] TRACE - Resolving type for handle ctfontfamily685ctype
22:22:49.206 [main] TRACE - Resolving type for handle stfontfamily9c6ctype
22:22:49.211 [main] TRACE - Resolving type for handle ctfontschemebf5dtype
22:22:49.215 [main] TRACE - Resolving type for handle stfontschemef36dtype
22:22:49.222 [main] TRACE - Resolving type for handle ctfill550ctype
22:22:49.225 [main] TRACE - Resolving type for handle ctpatternfill7452type
22:22:49.229 [main] TRACE - Resolving type for handle stpatterntype7939type
22:22:49.236 [main] TRACE - Resolving type for handle ctborderf935type
22:22:49.240 [main] TRACE - Resolving type for handle ctborderpre497type
22:22:49.250 [main] TRACE - Resolving type for handle ctxf97f7type
22:22:49.254 [main] TRACE - Resolving type for handle stnumfmtid76fbtype
22:22:49.256 [main] TRACE - Resolving type for handle stfontid9d63type
22:22:49.257 [main] TRACE - Resolving type for handle stfillida097type
22:22:49.259 [main] TRACE - Resolving type for handle stborderid1a80type
22:22:49.261 [main] TRACE - Resolving type for handle stcellstylexfid70c7type
22:22:49.269 [main] TRACE - Resolving type for handle ctsheet4dbetype
22:22:49.278 [main] TRACE - Resolving type for handle ctworksheet530dtype
22:22:49.288 [main] TRACE - Resolving type for handle ctsheetformatprdef7type
22:22:49.297 [main] TRACE - Resolving type for handle ctsheetviewsb918type
22:22:49.303 [main] TRACE - Resolving type for handle ctsheetview0f43type
22:22:49.310 [main] TRACE - Resolving type for handle ctsheetdimensiond310type
22:22:49.313 [main] TRACE - Resolving type for handle stref90a2type
22:22:49.318 [main] TRACE - Resolving type for handle ctsheetdata8408type
22:22:49.323 [main] TRACE - Resolving type for handle ctpagemargins5455type
22:22:49.334 [main] TRACE - Resolving type for handle ctcols627ctype
22:22:49.339 [main] TRACE - Resolving type for handle strelationshipid1e94type
22:22:49.344 [main] TRACE - Resolving type for handle ctbooleanproperty1f3ctype
22:22:49.353 [main] TRACE - Resolving type for handle ctrowdd39type
22:22:49.369 [main] TRACE - Resolving type for handle ctcell842btype
22:22:49.390 [main] TRACE - Resolving type for handle stcellrefe4e0type
22:22:49.401 [main] TRACE - Resolving type for handle ctrsta472type
22:22:49.408 [main] TRACE - Resolving type for handle stcelltypebf95type
22:22:49.457 [main] TRACE - Resolving type for handle ctnumfmtsb58btype
22:22:49.460 [main] TRACE - Resolving type for handle ctfonts6623type
22:22:49.468 [main] TRACE - Resolving type for handle ctfills2c6ftype
22:22:49.472 [main] TRACE - Resolving type for handle ctborders0d66type
22:22:49.475 [main] TRACE - Resolving type for handle ctcellxfs1322type
22:22:49.479 [main] TRACE - Resolving type for handle ctcellstylexfsa81ftype
22:22:49.513 [main] DEBUG - Save core properties part
22:22:49.518 [main] DEBUG - Save content types part
22:22:49.755 [main] DEBUG - Save package relationships
22:22:49.772 [main] DEBUG - Save part 'docProps/app.xml'
22:22:49.783 [main] DEBUG - Save part 'docProps/core.xml'
22:22:49.797 [main] DEBUG - Save part 'xl/sharedStrings.xml'
22:22:49.797 [main] DEBUG - Save part 'xl/styles.xml'
22:22:49.798 [main] DEBUG - Save part 'xl/workbook.xml'
22:22:49.803 [main] DEBUG - Save part 'xl/worksheets/sheet1.xml'
22:22:49.808 [main] DEBUG - Save content types part
22:22:49.811 [main] DEBUG - Save package relationships
22:22:49.814 [main] DEBUG - Save part 'docProps/app.xml'
22:22:49.815 [main] DEBUG - Save part 'docProps/core.xml'
22:22:49.818 [main] DEBUG - Save part 'xl/sharedStrings.xml'
22:22:49.819 [main] DEBUG - Save part 'xl/styles.xml'
22:22:49.819 [main] DEBUG - Save part 'xl/workbook.xml'
22:22:49.822 [main] DEBUG - Save part 'xl/worksheets/sheet1.xml'
22:22:58.425 [main] DEBUG - Parsing relationship: /xl/_rels/workbook.xml.rels
22:22:58.433 [main] DEBUG - Parsing relationship: /_rels/.rels
22:22:58.553 [main] TRACE - Resolving type for handle workbookec17doctype
22:22:58.569 [main] TRACE - Resolving type for handle worksheetf539doctype
22:22:58.605 [main] DEBUG - Save content types part
22:22:58.608 [main] DEBUG - Save package relationships
22:22:58.611 [main] DEBUG - Save part 'docProps/app.xml'
22:22:58.613 [main] DEBUG - Save part 'docProps/core.xml'
22:22:58.618 [main] DEBUG - Save part 'xl/sharedStrings.xml'
22:22:58.619 [main] DEBUG - Save part 'xl/styles.xml'
22:22:58.620 [main] DEBUG - Save part 'xl/workbook.xml'
22:22:58.625 [main] DEBUG - Save part 'xl/worksheets/sheet1.xml'
22:22:58.831 [main] DEBUG - Parsing relationship: /xl/_rels/workbook.xml.rels
22:22:58.835 [main] DEBUG - Parsing relationship: /_rels/.rels
22:22:58.886 [main] DEBUG - Save content types part
22:22:58.890 [main] DEBUG - Save package relationships
22:22:58.894 [main] DEBUG - Save part 'docProps/app.xml'
22:22:58.895 [main] DEBUG - Save part 'docProps/core.xml'
22:22:58.901 [main] DEBUG - Save part 'xl/sharedStrings.xml'
22:22:58.902 [main] DEBUG - Save part 'xl/styles.xml'
22:22:58.903 [main] DEBUG - Save part 'xl/workbook.xml'
22:22:58.906 [main] DEBUG - Save part 'xl/worksheets/sheet1.xml'
22:22:58.956 [main] DEBUG - Parsing relationship: /xl/_rels/workbook.xml.rels
22:22:58.958 [main] DEBUG - Parsing relationship: /_rels/.rels
22:22:59.024 [main] DEBUG - Save content types part
22:22:59.031 [main] DEBUG - Save package relationships
22:22:59.034 [main] DEBUG - Save part 'docProps/app.xml'
22:22:59.035 [main] DEBUG - Save part 'docProps/core.xml'
22:22:59.039 [main] DEBUG - Save part 'xl/sharedStrings.xml'
22:22:59.039 [main] DEBUG - Save part 'xl/styles.xml'
22:22:59.040 [main] DEBUG - Save part 'xl/workbook.xml'
22:22:59.047 [main] DEBUG - Save part 'xl/worksheets/sheet1.xml'
22:22:59.122 [main] DEBUG - Parsing relationship: /xl/_rels/workbook.xml.rels
22:22:59.125 [main] DEBUG - Parsing relationship: /_rels/.rels
22:22:59.183 [main] DEBUG - Save content types part
22:22:59.187 [main] DEBUG - Save package relationships
22:22:59.189 [main] DEBUG - Save part 'docProps/app.xml'
22:22:59.190 [main] DEBUG - Save part 'docProps/core.xml'
22:22:59.192 [main] DEBUG - Save part 'xl/sharedStrings.xml'
22:22:59.193 [main] DEBUG - Save part 'xl/styles.xml'
22:22:59.194 [main] DEBUG - Save part 'xl/workbook.xml'
22:22:59.198 [main] DEBUG - Save part 'xl/worksheets/sheet1.xml'
22:22:59.249 [main] DEBUG - Parsing relationship: /xl/_rels/workbook.xml.rels
22:22:59.251 [main] DEBUG - Parsing relationship: /_rels/.rels
22:22:59.299 [main] DEBUG - Save content types part
22:22:59.302 [main] DEBUG - Save package relationships
22:22:59.305 [main] DEBUG - Save part 'docProps/app.xml'
22:22:59.305 [main] DEBUG - Save part 'docProps/core.xml'
22:22:59.310 [main] DEBUG - Save part 'xl/sharedStrings.xml'
22:22:59.313 [main] DEBUG - Save part 'xl/styles.xml'
22:22:59.314 [main] DEBUG - Save part 'xl/workbook.xml'
22:22:59.319 [main] DEBUG - Save part 'xl/worksheets/sheet1.xml'
22:22:59.364 [main] DEBUG - Parsing relationship: /xl/_rels/workbook.xml.rels
22:22:59.367 [main] DEBUG - Parsing relationship: /_rels/.rels
22:22:59.408 [main] DEBUG - Save content types part
22:22:59.412 [main] DEBUG - Save package relationships
22:22:59.417 [main] DEBUG - Save part 'docProps/app.xml'
22:22:59.418 [main] DEBUG - Save part 'docProps/core.xml'
22:22:59.420 [main] DEBUG - Save part 'xl/sharedStrings.xml'
22:22:59.421 [main] DEBUG - Save part 'xl/styles.xml'
22:22:59.422 [main] DEBUG - Save part 'xl/workbook.xml'
22:22:59.427 [main] DEBUG - Save part 'xl/worksheets/sheet1.xml'
22:22:59.472 [main] DEBUG - Parsing relationship: /xl/_rels/workbook.xml.rels
22:22:59.473 [main] DEBUG - Parsing relationship: /_rels/.rels
22:22:59.514 [main] DEBUG - Save content types part
22:22:59.518 [main] DEBUG - Save package relationships
22:22:59.521 [main] DEBUG - Save part 'docProps/app.xml'
22:22:59.522 [main] DEBUG - Save part 'docProps/core.xml'
22:22:59.526 [main] DEBUG - Save part 'xl/sharedStrings.xml'
22:22:59.527 [main] DEBUG - Save part 'xl/styles.xml'
22:22:59.527 [main] DEBUG - Save part 'xl/workbook.xml'
22:22:59.533 [main] DEBUG - Save part 'xl/worksheets/sheet1.xml'
22:22:59.582 [main] DEBUG - Parsing relationship: /xl/_rels/workbook.xml.rels
22:22:59.583 [main] DEBUG - Parsing relationship: /_rels/.rels
22:22:59.615 [main] DEBUG - Save content types part
22:22:59.619 [main] DEBUG - Save package relationships
22:22:59.622 [main] DEBUG - Save part 'docProps/app.xml'
22:22:59.623 [main] DEBUG - Save part 'docProps/core.xml'
22:22:59.627 [main] DEBUG - Save part 'xl/sharedStrings.xml'
22:22:59.628 [main] DEBUG - Save part 'xl/styles.xml'
22:22:59.630 [main] DEBUG - Save part 'xl/workbook.xml'
22:22:59.635 [main] DEBUG - Save part 'xl/worksheets/sheet1.xml'
22:22:59.685 [main] DEBUG - Parsing relationship: /xl/_rels/workbook.xml.rels
22:22:59.687 [main] DEBUG - Parsing relationship: /_rels/.rels
22:22:59.735 [main] DEBUG - Save content types part
22:22:59.739 [main] DEBUG - Save package relationships
22:22:59.743 [main] DEBUG - Save part 'docProps/app.xml'
22:22:59.745 [main] DEBUG - Save part 'docProps/core.xml'
22:22:59.750 [main] DEBUG - Save part 'xl/sharedStrings.xml'
22:22:59.751 [main] DEBUG - Save part 'xl/styles.xml'
22:22:59.751 [main] DEBUG - Save part 'xl/workbook.xml'
22:22:59.754 [main] DEBUG - Save part 'xl/worksheets/sheet1.xml'
22:22:59.801 [main] DEBUG - Parsing relationship: /xl/_rels/workbook.xml.rels
22:22:59.803 [main] DEBUG - Parsing relationship: /_rels/.rels
22:22:59.842 [main] DEBUG - Save content types part
22:22:59.844 [main] DEBUG - Save package relationships
22:22:59.849 [main] DEBUG - Save part 'docProps/app.xml'
22:22:59.850 [main] DEBUG - Save part 'docProps/core.xml'
22:22:59.854 [main] DEBUG - Save part 'xl/sharedStrings.xml'
22:22:59.855 [main] DEBUG - Save part 'xl/styles.xml'
22:22:59.856 [main] DEBUG - Save part 'xl/workbook.xml'
22:22:59.861 [main] DEBUG - Save part 'xl/worksheets/sheet1.xml'
22:22:59.903 [main] DEBUG - Parsing relationship: /xl/_rels/workbook.xml.rels
22:22:59.904 [main] DEBUG - Parsing relationship: /_rels/.rels
22:22:59.940 [main] DEBUG - Save content types part
22:22:59.943 [main] DEBUG - Save package relationships
22:22:59.947 [main] DEBUG - Save part 'docProps/app.xml'
22:22:59.948 [main] DEBUG - Save part 'docProps/core.xml'
22:22:59.951 [main] DEBUG - Save part 'xl/sharedStrings.xml'
22:22:59.951 [main] DEBUG - Save part 'xl/styles.xml'
22:22:59.952 [main] DEBUG - Save part 'xl/workbook.xml'
22:22:59.954 [main] DEBUG - Save part 'xl/worksheets/sheet1.xml'
22:22:59.999 [main] DEBUG - Parsing relationship: /xl/_rels/workbook.xml.rels
22:23:00.001 [main] DEBUG - Parsing relationship: /_rels/.rels
22:23:00.050 [main] DEBUG - Save content types part
22:23:00.054 [main] DEBUG - Save package relationships
22:23:00.057 [main] DEBUG - Save part 'docProps/app.xml'
22:23:00.058 [main] DEBUG - Save part 'docProps/core.xml'
22:23:00.061 [main] DEBUG - Save part 'xl/sharedStrings.xml'
22:23:00.063 [main] DEBUG - Save part 'xl/styles.xml'
22:23:00.064 [main] DEBUG - Save part 'xl/workbook.xml'
22:23:00.068 [main] DEBUG - Save part 'xl/worksheets/sheet1.xml'
22:23:00.110 [main] DEBUG - Parsing relationship: /xl/_rels/workbook.xml.rels
22:23:00.113 [main] DEBUG - Parsing relationship: /_rels/.rels
22:23:00.149 [main] DEBUG - Save content types part
22:23:00.154 [main] DEBUG - Save package relationships
22:23:00.158 [main] DEBUG - Save part 'docProps/app.xml'
22:23:00.158 [main] DEBUG - Save part 'docProps/core.xml'
22:23:00.166 [main] DEBUG - Save part 'xl/sharedStrings.xml'
22:23:00.167 [main] DEBUG - Save part 'xl/styles.xml'
22:23:00.167 [main] DEBUG - Save part 'xl/workbook.xml'
22:23:00.170 [main] DEBUG - Save part 'xl/worksheets/sheet1.xml'
22:23:00.219 [main] DEBUG - Parsing relationship: /xl/_rels/workbook.xml.rels
22:23:00.221 [main] DEBUG - Parsing relationship: /_rels/.rels
22:23:00.281 [main] DEBUG - Save content types part
22:23:00.285 [main] DEBUG - Save package relationships
22:23:00.289 [main] DEBUG - Save part 'docProps/app.xml'
22:23:00.290 [main] DEBUG - Save part 'docProps/core.xml'
22:23:00.293 [main] DEBUG - Save part 'xl/sharedStrings.xml'
22:23:00.293 [main] DEBUG - Save part 'xl/styles.xml'
22:23:00.294 [main] DEBUG - Save part 'xl/workbook.xml'
22:23:00.298 [main] DEBUG - Save part 'xl/worksheets/sheet1.xml'
22:27:51.277 [main] TRACE - Loading type system org.apache.poi.schemas.ooxml.system.ooxml
22:27:51.285 [main] TRACE - Loading type system org.apache.xmlbeans.metadata.system.sXMLCONFIG
22:27:51.286 [main] TRACE - Loading type system org.apache.xmlbeans.metadata.system.sXMLLANG
22:27:51.286 [main] TRACE - Loading type system org.apache.xmlbeans.metadata.system.sXMLSCHEMA
22:27:51.287 [main] TRACE - Loading type system org.apache.xmlbeans.metadata.system.sXMLTOOLS
22:27:51.290 [main] TRACE - Reading unresolved handles for type system org.apache.xmlbeans.metadata.system.sXMLTOOLS
22:27:51.302 [main] TRACE - Finished loading type system org.apache.xmlbeans.metadata.system.sXMLTOOLS
22:27:51.303 [main] TRACE - Reading unresolved handles for type system org.apache.xmlbeans.metadata.system.sXMLSCHEMA
22:27:51.309 [main] TRACE - Finished loading type system org.apache.xmlbeans.metadata.system.sXMLSCHEMA
22:27:51.311 [main] TRACE - Reading unresolved handles for type system org.apache.xmlbeans.metadata.system.sXMLLANG
22:27:51.312 [main] TRACE - Finished loading type system org.apache.xmlbeans.metadata.system.sXMLLANG
22:27:51.313 [main] TRACE - Reading unresolved handles for type system org.apache.xmlbeans.metadata.system.sXMLCONFIG
22:27:51.314 [main] TRACE - Finished loading type system org.apache.xmlbeans.metadata.system.sXMLCONFIG
22:27:51.315 [main] TRACE - Reading unresolved handles for type system org.apache.poi.schemas.ooxml.system.ooxml
22:27:51.399 [main] TRACE - Finished loading type system org.apache.poi.schemas.ooxml.system.ooxml
22:27:51.400 [main] TRACE - Resolving type for handle ctworkbook83c3type
22:27:51.469 [main] TRACE - Resolving type for handle ctworkbookpr03a5type
22:27:51.481 [main] TRACE - Resolving type for handle ctbookviewsb864type
22:27:51.483 [main] TRACE - Resolving type for handle ctbookviewf677type
22:27:51.491 [main] TRACE - Resolving type for handle ctsheets49fdtype
22:27:51.494 [main] TRACE - Resolving type for handle propertiesee84doctype
22:27:51.497 [main] TRACE - Resolving type for handle ctproperties3f10type
22:27:51.505 [main] TRACE - Resolving type for handle properties288cdoctype
22:27:51.508 [main] TRACE - Resolving type for handle ctproperties2c18type
22:27:51.528 [main] TRACE - Resolving type for handle sstf81fdoctype
22:27:51.531 [main] TRACE - Resolving type for handle ctsst44f3type
22:27:51.541 [main] TRACE - Resolving type for handle stylesheet5d8bdoctype
22:27:51.543 [main] TRACE - Resolving type for handle ctstylesheet4257type
22:27:51.550 [main] TRACE - Resolving type for handle ctfont14d8type
22:27:51.561 [main] TRACE - Resolving type for handle ctfontsizeb3b9type
22:27:51.567 [main] TRACE - Resolving type for handle ctcolord2c2type
22:27:51.575 [main] TRACE - Resolving type for handle ctfontname2dc3type
22:27:51.579 [main] TRACE - Resolving type for handle stxstringf179type
22:27:51.584 [main] TRACE - Resolving type for handle ctfontfamily685ctype
22:27:51.592 [main] TRACE - Resolving type for handle stfontfamily9c6ctype
22:27:51.599 [main] TRACE - Resolving type for handle ctfontschemebf5dtype
22:27:51.607 [main] TRACE - Resolving type for handle stfontschemef36dtype
22:27:51.615 [main] TRACE - Resolving type for handle ctfill550ctype
22:27:51.620 [main] TRACE - Resolving type for handle ctpatternfill7452type
22:27:51.630 [main] TRACE - Resolving type for handle stpatterntype7939type
22:27:51.636 [main] TRACE - Resolving type for handle ctborderf935type
22:27:51.650 [main] TRACE - Resolving type for handle ctborderpre497type
22:27:51.683 [main] TRACE - Resolving type for handle ctxf97f7type
22:27:51.696 [main] TRACE - Resolving type for handle stnumfmtid76fbtype
22:27:51.703 [main] TRACE - Resolving type for handle stfontid9d63type
22:27:51.710 [main] TRACE - Resolving type for handle stfillida097type
22:27:51.716 [main] TRACE - Resolving type for handle stborderid1a80type
22:27:51.721 [main] TRACE - Resolving type for handle stcellstylexfid70c7type
22:27:51.739 [main] TRACE - Resolving type for handle ctsheet4dbetype
22:27:51.768 [main] TRACE - Resolving type for handle ctworksheet530dtype
22:27:51.795 [main] TRACE - Resolving type for handle ctsheetformatprdef7type
22:27:51.815 [main] TRACE - Resolving type for handle ctsheetviewsb918type
22:27:51.823 [main] TRACE - Resolving type for handle ctsheetview0f43type
22:27:51.836 [main] TRACE - Resolving type for handle ctsheetdimensiond310type
22:27:51.842 [main] TRACE - Resolving type for handle stref90a2type
22:27:51.845 [main] TRACE - Resolving type for handle ctsheetdata8408type
22:27:51.851 [main] TRACE - Resolving type for handle ctpagemargins5455type
22:27:51.875 [main] TRACE - Resolving type for handle ctcols627ctype
22:27:51.882 [main] TRACE - Resolving type for handle strelationshipid1e94type
22:27:51.886 [main] TRACE - Resolving type for handle ctbooleanproperty1f3ctype
22:27:51.895 [main] TRACE - Resolving type for handle ctrowdd39type
22:27:51.915 [main] TRACE - Resolving type for handle ctcell842btype
22:27:51.942 [main] TRACE - Resolving type for handle stcellrefe4e0type
22:27:51.953 [main] TRACE - Resolving type for handle ctrsta472type
22:27:51.967 [main] TRACE - Resolving type for handle stcelltypebf95type
22:27:52.044 [main] TRACE - Resolving type for handle ctnumfmtsb58btype
22:27:52.052 [main] TRACE - Resolving type for handle ctfonts6623type
22:27:52.065 [main] TRACE - Resolving type for handle ctfills2c6ftype
22:27:52.074 [main] TRACE - Resolving type for handle ctborders0d66type
22:27:52.079 [main] TRACE - Resolving type for handle ctcellxfs1322type
22:27:52.085 [main] TRACE - Resolving type for handle ctcellstylexfsa81ftype
22:27:52.135 [main] DEBUG - Save core properties part
22:27:52.136 [main] DEBUG - Save content types part
22:27:52.456 [main] DEBUG - Save package relationships
22:27:52.478 [main] DEBUG - Save part 'docProps/app.xml'
22:27:52.490 [main] DEBUG - Save part 'docProps/core.xml'
22:27:52.510 [main] DEBUG - Save part 'xl/sharedStrings.xml'
22:27:52.511 [main] DEBUG - Save part 'xl/styles.xml'
22:27:52.512 [main] DEBUG - Save part 'xl/workbook.xml'
22:27:52.515 [main] DEBUG - Save part 'xl/worksheets/sheet1.xml'
22:27:52.520 [main] DEBUG - Save content types part
22:27:52.526 [main] DEBUG - Save package relationships
22:27:52.530 [main] DEBUG - Save part 'docProps/app.xml'
22:27:52.530 [main] DEBUG - Save part 'docProps/core.xml'
22:27:52.535 [main] DEBUG - Save part 'xl/sharedStrings.xml'
22:27:52.539 [main] DEBUG - Save part 'xl/styles.xml'
22:27:52.542 [main] DEBUG - Save part 'xl/workbook.xml'
22:27:52.546 [main] DEBUG - Save part 'xl/worksheets/sheet1.xml'
22:28:02.177 [main] DEBUG - Parsing relationship: /xl/_rels/workbook.xml.rels
22:28:02.181 [main] DEBUG - Parsing relationship: /_rels/.rels
22:28:02.318 [main] TRACE - Resolving type for handle workbookec17doctype
22:28:02.332 [main] TRACE - Resolving type for handle worksheetf539doctype
22:28:02.380 [main] DEBUG - Save content types part
22:28:02.386 [main] DEBUG - Save package relationships
22:28:02.391 [main] DEBUG - Save part 'docProps/app.xml'
22:28:02.391 [main] DEBUG - Save part 'docProps/core.xml'
22:28:02.396 [main] DEBUG - Save part 'xl/sharedStrings.xml'
22:28:02.397 [main] DEBUG - Save part 'xl/styles.xml'
22:28:02.398 [main] DEBUG - Save part 'xl/workbook.xml'
22:28:02.405 [main] DEBUG - Save part 'xl/worksheets/sheet1.xml'
22:28:02.526 [main] DEBUG - Parsing relationship: /xl/_rels/workbook.xml.rels
22:28:02.528 [main] DEBUG - Parsing relationship: /_rels/.rels
22:28:02.590 [main] DEBUG - Save content types part
22:28:02.593 [main] DEBUG - Save package relationships
22:28:02.597 [main] DEBUG - Save part 'docProps/app.xml'
22:28:02.600 [main] DEBUG - Save part 'docProps/core.xml'
22:28:02.606 [main] DEBUG - Save part 'xl/sharedStrings.xml'
22:28:02.607 [main] DEBUG - Save part 'xl/styles.xml'
22:28:02.608 [main] DEBUG - Save part 'xl/workbook.xml'
22:28:02.613 [main] DEBUG - Save part 'xl/worksheets/sheet1.xml'
22:28:02.736 [main] DEBUG - Parsing relationship: /xl/_rels/workbook.xml.rels
22:28:02.739 [main] DEBUG - Parsing relationship: /_rels/.rels
22:28:02.808 [main] DEBUG - Save content types part
22:28:02.812 [main] DEBUG - Save package relationships
22:28:02.816 [main] DEBUG - Save part 'docProps/app.xml'
22:28:02.817 [main] DEBUG - Save part 'docProps/core.xml'
22:28:02.824 [main] DEBUG - Save part 'xl/sharedStrings.xml'
22:28:02.825 [main] DEBUG - Save part 'xl/styles.xml'
22:28:02.825 [main] DEBUG - Save part 'xl/workbook.xml'
22:28:02.830 [main] DEBUG - Save part 'xl/worksheets/sheet1.xml'
22:28:02.943 [main] DEBUG - Parsing relationship: /xl/_rels/workbook.xml.rels
22:28:02.946 [main] DEBUG - Parsing relationship: /_rels/.rels
22:28:03.002 [main] DEBUG - Save content types part
22:28:03.008 [main] DEBUG - Save package relationships
22:28:03.011 [main] DEBUG - Save part 'docProps/app.xml'
22:28:03.012 [main] DEBUG - Save part 'docProps/core.xml'
22:28:03.016 [main] DEBUG - Save part 'xl/sharedStrings.xml'
22:28:03.017 [main] DEBUG - Save part 'xl/styles.xml'
22:28:03.019 [main] DEBUG - Save part 'xl/workbook.xml'
22:28:03.023 [main] DEBUG - Save part 'xl/worksheets/sheet1.xml'
22:28:03.136 [main] DEBUG - Parsing relationship: /xl/_rels/workbook.xml.rels
22:28:03.139 [main] DEBUG - Parsing relationship: /_rels/.rels
22:28:03.192 [main] DEBUG - Save content types part
22:28:03.196 [main] DEBUG - Save package relationships
22:28:03.199 [main] DEBUG - Save part 'docProps/app.xml'
22:28:03.200 [main] DEBUG - Save part 'docProps/core.xml'
22:28:03.204 [main] DEBUG - Save part 'xl/sharedStrings.xml'
22:28:03.205 [main] DEBUG - Save part 'xl/styles.xml'
22:28:03.205 [main] DEBUG - Save part 'xl/workbook.xml'
22:28:03.208 [main] DEBUG - Save part 'xl/worksheets/sheet1.xml'
22:28:03.312 [main] DEBUG - Parsing relationship: /xl/_rels/workbook.xml.rels
22:28:03.314 [main] DEBUG - Parsing relationship: /_rels/.rels
22:28:03.354 [main] DEBUG - Save content types part
22:28:03.358 [main] DEBUG - Save package relationships
22:28:03.362 [main] DEBUG - Save part 'docProps/app.xml'
22:28:03.363 [main] DEBUG - Save part 'docProps/core.xml'
22:28:03.368 [main] DEBUG - Save part 'xl/sharedStrings.xml'
22:28:03.370 [main] DEBUG - Save part 'xl/styles.xml'
22:28:03.371 [main] DEBUG - Save part 'xl/workbook.xml'
22:28:03.377 [main] DEBUG - Save part 'xl/worksheets/sheet1.xml'
22:28:03.489 [main] DEBUG - Parsing relationship: /xl/_rels/workbook.xml.rels
22:28:03.491 [main] DEBUG - Parsing relationship: /_rels/.rels
22:28:03.553 [main] DEBUG - Save content types part
22:28:03.557 [main] DEBUG - Save package relationships
22:28:03.561 [main] DEBUG - Save part 'docProps/app.xml'
22:28:03.562 [main] DEBUG - Save part 'docProps/core.xml'
22:28:03.566 [main] DEBUG - Save part 'xl/sharedStrings.xml'
22:28:03.567 [main] DEBUG - Save part 'xl/styles.xml'
22:28:03.568 [main] DEBUG - Save part 'xl/workbook.xml'
22:28:03.574 [main] DEBUG - Save part 'xl/worksheets/sheet1.xml'
22:28:03.698 [main] DEBUG - Parsing relationship: /xl/_rels/workbook.xml.rels
22:28:03.701 [main] DEBUG - Parsing relationship: /_rels/.rels
22:28:03.757 [main] DEBUG - Save content types part
22:28:03.761 [main] DEBUG - Save package relationships
22:28:03.765 [main] DEBUG - Save part 'docProps/app.xml'
22:28:03.766 [main] DEBUG - Save part 'docProps/core.xml'
22:28:03.772 [main] DEBUG - Save part 'xl/sharedStrings.xml'
22:28:03.773 [main] DEBUG - Save part 'xl/styles.xml'
22:28:03.773 [main] DEBUG - Save part 'xl/workbook.xml'
22:28:03.777 [main] DEBUG - Save part 'xl/worksheets/sheet1.xml'
22:28:03.897 [main] DEBUG - Parsing relationship: /xl/_rels/workbook.xml.rels
22:28:03.900 [main] DEBUG - Parsing relationship: /_rels/.rels
22:28:03.952 [main] DEBUG - Save content types part
22:28:03.957 [main] DEBUG - Save package relationships
22:28:03.960 [main] DEBUG - Save part 'docProps/app.xml'
22:28:03.961 [main] DEBUG - Save part 'docProps/core.xml'
22:28:03.965 [main] DEBUG - Save part 'xl/sharedStrings.xml'
22:28:03.966 [main] DEBUG - Save part 'xl/styles.xml'
22:28:03.967 [main] DEBUG - Save part 'xl/workbook.xml'
22:28:03.973 [main] DEBUG - Save part 'xl/worksheets/sheet1.xml'
22:28:04.089 [main] DEBUG - Parsing relationship: /xl/_rels/workbook.xml.rels
22:28:04.091 [main] DEBUG - Parsing relationship: /_rels/.rels
22:28:04.144 [main] DEBUG - Save content types part
22:28:04.148 [main] DEBUG - Save package relationships
22:28:04.153 [main] DEBUG - Save part 'docProps/app.xml'
22:28:04.154 [main] DEBUG - Save part 'docProps/core.xml'
22:28:04.160 [main] DEBUG - Save part 'xl/sharedStrings.xml'
22:28:04.161 [main] DEBUG - Save part 'xl/styles.xml'
22:28:04.162 [main] DEBUG - Save part 'xl/workbook.xml'
22:28:04.166 [main] DEBUG - Save part 'xl/worksheets/sheet1.xml'
22:28:04.333 [main] DEBUG - Parsing relationship: /xl/_rels/workbook.xml.rels
22:28:04.336 [main] DEBUG - Parsing relationship: /_rels/.rels
22:28:04.390 [main] DEBUG - Save content types part
22:28:04.393 [main] DEBUG - Save package relationships
22:28:04.397 [main] DEBUG - Save part 'docProps/app.xml'
22:28:04.398 [main] DEBUG - Save part 'docProps/core.xml'
22:28:04.403 [main] DEBUG - Save part 'xl/sharedStrings.xml'
22:28:04.404 [main] DEBUG - Save part 'xl/styles.xml'
22:28:04.405 [main] DEBUG - Save part 'xl/workbook.xml'
22:28:04.408 [main] DEBUG - Save part 'xl/worksheets/sheet1.xml'
22:28:04.510 [main] DEBUG - Parsing relationship: /xl/_rels/workbook.xml.rels
22:28:04.512 [main] DEBUG - Parsing relationship: /_rels/.rels
22:28:04.552 [main] DEBUG - Save content types part
22:28:04.557 [main] DEBUG - Save package relationships
22:28:04.562 [main] DEBUG - Save part 'docProps/app.xml'
22:28:04.562 [main] DEBUG - Save part 'docProps/core.xml'
22:28:04.566 [main] DEBUG - Save part 'xl/sharedStrings.xml'
22:28:04.569 [main] DEBUG - Save part 'xl/styles.xml'
22:28:04.570 [main] DEBUG - Save part 'xl/workbook.xml'
22:28:04.573 [main] DEBUG - Save part 'xl/worksheets/sheet1.xml'
22:28:04.688 [main] DEBUG - Parsing relationship: /xl/_rels/workbook.xml.rels
22:28:04.690 [main] DEBUG - Parsing relationship: /_rels/.rels
22:28:04.739 [main] DEBUG - Save content types part
22:28:04.742 [main] DEBUG - Save package relationships
22:28:04.745 [main] DEBUG - Save part 'docProps/app.xml'
22:28:04.746 [main] DEBUG - Save part 'docProps/core.xml'
22:28:04.749 [main] DEBUG - Save part 'xl/sharedStrings.xml'
22:28:04.750 [main] DEBUG - Save part 'xl/styles.xml'
22:28:04.752 [main] DEBUG - Save part 'xl/workbook.xml'
22:28:04.758 [main] DEBUG - Save part 'xl/worksheets/sheet1.xml'
22:28:04.875 [main] DEBUG - Parsing relationship: /xl/_rels/workbook.xml.rels
22:28:04.876 [main] DEBUG - Parsing relationship: /_rels/.rels
22:28:04.925 [main] DEBUG - Save content types part
22:28:04.928 [main] DEBUG - Save package relationships
22:28:04.931 [main] DEBUG - Save part 'docProps/app.xml'
22:28:04.932 [main] DEBUG - Save part 'docProps/core.xml'
22:28:04.937 [main] DEBUG - Save part 'xl/sharedStrings.xml'
22:28:04.938 [main] DEBUG - Save part 'xl/styles.xml'
22:28:04.938 [main] DEBUG - Save part 'xl/workbook.xml'
22:28:04.942 [main] DEBUG - Save part 'xl/worksheets/sheet1.xml'
22:29:22.215 [main] TRACE - Loading type system org.apache.poi.schemas.ooxml.system.ooxml
22:29:22.222 [main] TRACE - Loading type system org.apache.xmlbeans.metadata.system.sXMLCONFIG
22:29:22.222 [main] TRACE - Loading type system org.apache.xmlbeans.metadata.system.sXMLLANG
