16:32:05.348 [main] INFO  - ********** Navigate to car insurance page **************** 
16:32:08.684 [main] INFO  - ************ Proceed without providing car number *************** 
16:32:11.972 [main] INFO  - ************ Select city and RTO number *************** 
16:32:18.318 [main] INFO  - ************ Select car brand *************** 
16:32:21.573 [main] INFO  - ************ Select car model *************** 
16:32:24.764 [main] INFO  - ************ Select car varient *************** 
16:32:27.964 [main] INFO  - ************ Verify the user details page is displayed *************** 
16:32:28.371 [main] INFO  - ************ Fill the invalid phone number or email *************** 
16:32:34.891 [main] INFO  - ************ Print the error message *************** 
16:32:49.129 [main] INFO  - ************ Click insurance products menu *************** 
16:32:49.623 [main] INFO  - ************ Navigate to Health insurance page *************** 
16:32:51.479 [main] INFO  - ************ verify the health insurance page is displayed *************** 
16:32:51.731 [main] INFO  - ************ hover the health insurance menu *************** 
16:32:52.232 [main] INFO  - ************ Retrieve all the sub menus successfully *************** 
16:34:53.762 [main] INFO  - ********** Navigate to car insurance page **************** 
16:34:57.120 [main] INFO  - ************ Proceed without providing car number *************** 
16:35:00.452 [main] INFO  - ************ Select city and RTO number *************** 
16:35:06.812 [main] INFO  - ************ Select car brand *************** 
16:35:10.102 [main] INFO  - ************ Select car model *************** 
16:35:13.284 [main] INFO  - ************ Select car varient *************** 
16:35:16.468 [main] INFO  - ************ Verify the user details page is displayed *************** 
16:35:16.746 [main] INFO  - ************ Fill the invalid phone number or email *************** 
16:35:23.273 [main] INFO  - ************ Print the error message *************** 
16:36:08.777 [main] INFO  - ********** Navigate to car insurance page **************** 
16:36:12.114 [main] INFO  - ************ Proceed without providing car number *************** 
16:36:15.448 [main] INFO  - ************ Select city and RTO number *************** 
16:36:21.844 [main] INFO  - ************ Select car brand *************** 
16:36:25.081 [main] INFO  - ************ Select car model *************** 
16:36:28.257 [main] INFO  - ************ Select car varient *************** 
16:36:31.448 [main] INFO  - ************ Verify the user details page is displayed *************** 
16:36:31.752 [main] INFO  - ************ Fill the invalid phone number or email *************** 
16:36:38.283 [main] INFO  - ************ Print the error message *************** 
16:36:51.165 [main] INFO  - ************ Click insurance products menu *************** 
16:36:51.664 [main] INFO  - ************ Navigate to Health insurance page *************** 
16:36:54.731 [main] INFO  - ************ verify the health insurance page is displayed *************** 
16:36:54.972 [main] INFO  - ************ hover the health insurance menu *************** 
16:36:55.363 [main] INFO  - ************ Retrieve all the sub menus successfully *************** 
16:40:09.562 [main] INFO  - ********** Navigate to car insurance page **************** 
16:40:12.915 [main] INFO  - ************ Proceed without providing car number *************** 
16:40:16.263 [main] INFO  - ************ Select city and RTO number *************** 
16:40:22.617 [main] INFO  - ************ Select car brand *************** 
16:40:25.854 [main] INFO  - ************ Select car model *************** 
16:40:29.052 [main] INFO  - ************ Select car varient *************** 
16:40:32.258 [main] INFO  - ************ Verify the user details page is displayed *************** 
16:40:32.556 [main] INFO  - ************ Fill the invalid phone number or email *************** 
16:40:39.154 [main] INFO  - ************ Print the error message *************** 
16:40:51.504 [main] INFO  - ************ Click insurance products menu *************** 
16:40:52.047 [main] INFO  - ************ Navigate to Health insurance page *************** 
16:40:54.304 [main] INFO  - ************ verify the health insurance page is displayed *************** 
16:40:54.527 [main] INFO  - ************ hover the health insurance menu *************** 
16:40:54.903 [main] INFO  - ************ Retrieve all the sub menus successfully *************** 
16:42:44.928 [main] INFO  - ********** Navigate to car insurance page **************** 
16:42:48.238 [main] INFO  - ************ Proceed without providing car number *************** 
16:42:51.563 [main] INFO  - ************ Select city and RTO number *************** 
16:42:57.871 [main] INFO  - ************ Select car brand *************** 
16:44:20.900 [main] INFO  - ********** Navigate to car insurance page **************** 
16:44:24.239 [main] INFO  - ************ Proceed without providing car number *************** 
16:44:27.559 [main] INFO  - ************ Select city and RTO number *************** 
16:44:33.879 [main] INFO  - ************ Select car brand *************** 
16:44:37.104 [main] INFO  - ************ Select car model *************** 
16:44:40.291 [main] INFO  - ************ Select car varient *************** 
16:44:43.475 [main] INFO  - ************ Verify the user details page is displayed *************** 
16:44:43.739 [main] INFO  - ************ Fill the invalid phone number or email *************** 
16:44:50.253 [main] INFO  - ************ Print the error message *************** 
16:45:03.136 [main] INFO  - ************ Click insurance products menu *************** 
16:45:03.709 [main] INFO  - ************ Navigate to Health insurance page *************** 
16:45:06.618 [main] INFO  - ************ verify the health insurance page is displayed *************** 
16:45:06.804 [main] INFO  - ************ hover the health insurance menu *************** 
16:45:07.148 [main] INFO  - ************ Retrieve all the sub menus successfully *************** 
21:59:23.859 [main] INFO  - ************ Navigate to travel insurance page *************** 
21:59:25.264 [main] INFO  - ************ Click on Any destination country *************** 
21:59:29.288 [main] INFO  - ************ click on next page to navigate date page *************** 
21:59:30.275 [main] INFO  - ************ choose the date and click on next *************** 
21:59:36.575 [main] INFO  - ************ Select number of traveller and age and click on next *************** 
21:59:44.758 [main] INFO  - ************ Choose the medical history details *************** 
21:59:45.615 [main] INFO  - ************ The plan page is visible *************** 
21:59:52.371 [main] INFO  - ************ The premium low to hign is select *************** 
22:00:04.719 [main] INFO  - ************ The more plan is click or not *************** 
22:00:11.436 [main] INFO  - ************ The lowest international travel plan is displayed *************** 
22:00:24.369 [main] INFO  - ********** Navigate to car insurance page **************** 
22:00:27.787 [main] INFO  - ************ Proceed without providing car number *************** 
22:00:31.388 [main] INFO  - ************ Select city and RTO number *************** 
22:00:38.331 [main] INFO  - ************ Select car brand *************** 
22:00:41.980 [main] INFO  - ************ Select car model *************** 
22:00:45.340 [main] INFO  - ************ Select car varient *************** 
22:00:48.797 [main] INFO  - ************ Verify the user details page is displayed *************** 
22:00:49.050 [main] INFO  - ************ Fill the invalid phone number or email *************** 
22:00:56.028 [main] INFO  - ************ Print the error message *************** 
22:01:10.659 [main] INFO  - ************ Click insurance products menu *************** 
22:01:11.854 [main] INFO  - ************ Navigate to Health insurance page *************** 
22:01:15.183 [main] INFO  - ************ verify the health insurance page is displayed *************** 
22:01:15.761 [main] INFO  - ************ hover the health insurance menu *************** 
22:01:16.341 [main] INFO  - ************ Retrieve all the sub menus successfully *************** 
22:52:41.021 [main] WARN  - Support to run JUnit tests using TestNG stands deprecated and will be removed in future versions. You can now use the JUnit5 TestNG engine to run both JUnit and TestNG tests. For more information refer to https://github.com/junit-team/testng-engine .
22:52:53.099 [main] INFO  - ************ Navigate to travel insurance page *************** 
22:52:54.002 [main] INFO  - ************ Click on Any destination country *************** 
22:52:57.490 [main] INFO  - ************ click on next page to navigate date page *************** 
22:52:58.092 [main] INFO  - ************ choose the date and click on next *************** 
22:53:02.437 [main] INFO  - ************ Select number of traveller and age and click on next *************** 
22:53:10.159 [main] INFO  - ************ Choose the medical history details *************** 
22:53:10.744 [main] INFO  - ************ The plan page is visible *************** 
22:53:17.226 [main] INFO  - ************ The premium low to hign is select *************** 
22:53:29.022 [main] INFO  - ************ The more plan is click or not *************** 
22:53:35.616 [main] INFO  - ************ The lowest international travel plan is displayed *************** 
22:53:46.312 [main] INFO  - ********** Navigate to car insurance page **************** 
22:53:49.805 [main] INFO  - ************ Proceed without providing car number *************** 
22:53:53.337 [main] INFO  - ************ Select city and RTO number *************** 
22:53:59.913 [main] INFO  - ************ Select car brand *************** 
22:54:03.503 [main] INFO  - ************ Select car model *************** 
22:54:06.763 [main] INFO  - ************ Select car varient *************** 
22:54:10.139 [main] INFO  - ************ Verify the user details page is displayed *************** 
22:54:10.348 [main] INFO  - ************ Fill the invalid phone number or email *************** 
22:54:17.351 [main] INFO  - ************ Print the error message *************** 
22:54:31.245 [main] INFO  - ************ Click insurance products menu *************** 
22:54:32.411 [main] INFO  - ************ Navigate to Health insurance page *************** 
22:54:34.677 [main] INFO  - ************ verify the health insurance page is displayed *************** 
22:54:35.006 [main] INFO  - ************ hover the health insurance menu *************** 
22:54:35.505 [main] INFO  - ************ Retrieve all the sub menus successfully *************** 
12:30:12.568 [main] INFO  - ************ Navigate to travel insurance page *************** 
12:30:13.995 [main] INFO  - ************ Click on Any destination country *************** 
12:30:20.180 [main] INFO  - ************ click on next page to navigate date page *************** 
12:30:20.628 [main] INFO  - ************ choose the date and click on next *************** 
12:30:24.811 [main] INFO  - ************ Select number of traveller and age and click on next *************** 
12:30:32.409 [main] INFO  - ************ Choose the medical history details *************** 
12:30:33.219 [main] INFO  - ************ The plan page is visible *************** 
14:16:08.730 [main] INFO  - ************ Click insurance products menu *************** 
14:16:09.930 [main] INFO  - ************ Navigate to Health insurance page *************** 
14:51:11.171 [main] INFO  - ************ Navigate to travel insurance page *************** 
14:51:12.279 [main] INFO  - ************ Click on Any destination country *************** 
14:51:16.116 [main] INFO  - ************ click on next page to navigate date page *************** 
14:51:16.837 [main] INFO  - ************ choose the date and click on next *************** 
14:51:21.632 [main] INFO  - ************ Select number of traveller and age and click on next *************** 
14:51:29.544 [main] INFO  - ************ Choose the medical history details *************** 
14:51:30.094 [main] INFO  - ************ The plan page is visible *************** 
14:51:36.607 [main] INFO  - ************ The premium low to hign is select *************** 
14:51:48.260 [main] INFO  - ************ The more plan is click or not *************** 
14:51:54.862 [main] INFO  - ************ The lowest international travel plan is displayed *************** 
14:52:06.297 [main] INFO  - ********** Navigate to car insurance page **************** 
14:52:09.661 [main] INFO  - ************ Proceed without providing car number *************** 
14:52:13.075 [main] INFO  - ************ Select city and RTO number *************** 
14:52:19.680 [main] INFO  - ************ Select car brand *************** 
14:52:23.069 [main] INFO  - ************ Select car model *************** 
14:52:26.327 [main] INFO  - ************ Select car varient *************** 
14:52:29.598 [main] INFO  - ************ Verify the user details page is displayed *************** 
14:52:29.931 [main] INFO  - ************ Fill the invalid phone number or email *************** 
14:52:36.755 [main] INFO  - ************ Print the error message *************** 
14:52:53.062 [main] INFO  - ************ Click insurance products menu *************** 
14:52:54.035 [main] INFO  - ************ Navigate to Health insurance page *************** 
14:52:58.508 [main] INFO  - ************ verify the health insurance page is displayed *************** 
14:52:58.751 [main] INFO  - ************ hover the health insurance menu *************** 
14:52:59.317 [main] INFO  - ************ Retrieve all the sub menus successfully *************** 
15:00:38.701 [main] INFO  - ************ Navigate to travel insurance page *************** 
15:00:39.447 [main] INFO  - ************ Click on Any destination country *************** 
15:00:43.805 [main] INFO  - ************ click on next page to navigate date page *************** 
15:00:44.534 [main] INFO  - ************ choose the date and click on next *************** 
15:00:50.242 [main] INFO  - ************ Select number of traveller and age and click on next *************** 
15:01:18.232 [main] INFO  - ************ Navigate to travel insurance page *************** 
15:01:18.858 [main] INFO  - ************ Click on Any destination country *************** 
15:01:22.391 [main] INFO  - ************ click on next page to navigate date page *************** 
15:01:23.083 [main] INFO  - ************ choose the date and click on next *************** 
15:01:27.639 [main] INFO  - ************ Select number of traveller and age and click on next *************** 
15:01:35.745 [main] INFO  - ************ Choose the medical history details *************** 
15:01:36.754 [main] INFO  - ************ The plan page is visible *************** 
15:01:43.363 [main] INFO  - ************ The premium low to hign is select *************** 
15:01:55.171 [main] INFO  - ************ The more plan is click or not *************** 
15:02:01.622 [main] INFO  - ************ The lowest international travel plan is displayed *************** 
15:02:13.550 [main] INFO  - ********** Navigate to car insurance page **************** 
15:02:17.045 [main] INFO  - ************ Proceed without providing car number *************** 
15:02:20.599 [main] INFO  - ************ Select city and RTO number *************** 
15:02:27.115 [main] INFO  - ************ Select car brand *************** 
15:02:30.497 [main] INFO  - ************ Select car model *************** 
15:02:33.839 [main] INFO  - ************ Select car varient *************** 
15:02:37.165 [main] INFO  - ************ Verify the user details page is displayed *************** 
15:02:37.593 [main] INFO  - ************ Fill the invalid phone number or email *************** 
15:02:44.988 [main] INFO  - ************ Print the error message *************** 
15:03:00.491 [main] INFO  - ************ Click insurance products menu *************** 
15:03:01.525 [main] INFO  - ************ Navigate to Health insurance page *************** 
15:03:04.059 [main] INFO  - ************ verify the health insurance page is displayed *************** 
15:03:04.350 [main] INFO  - ************ hover the health insurance menu *************** 
15:03:04.847 [main] INFO  - ************ Retrieve all the sub menus successfully *************** 
15:04:50.616 [main] INFO  - ************ Navigate to travel insurance page *************** 
15:04:53.921 [main] INFO  - ************ Click on Any destination country *************** 
15:04:57.326 [main] INFO  - ************ click on next page to navigate date page *************** 
15:04:57.733 [main] INFO  - ************ choose the date and click on next *************** 
15:05:02.499 [main] INFO  - ************ Select number of traveller and age and click on next *************** 
15:05:10.275 [main] INFO  - ************ Choose the medical history details *************** 
15:05:10.998 [main] INFO  - ************ The plan page is visible *************** 
15:05:18.377 [main] INFO  - ************ The premium low to hign is select *************** 
15:05:30.054 [main] INFO  - ************ The more plan is click or not *************** 
15:05:36.564 [main] INFO  - ************ The lowest international travel plan is displayed *************** 
15:05:49.084 [main] INFO  - ********** Navigate to car insurance page **************** 
15:05:52.430 [main] INFO  - ************ Proceed without providing car number *************** 
15:05:55.833 [main] INFO  - ************ Select city and RTO number *************** 
15:06:02.372 [main] INFO  - ************ Select car brand *************** 
15:06:05.733 [main] INFO  - ************ Select car model *************** 
15:06:08.956 [main] INFO  - ************ Select car varient *************** 
15:06:12.302 [main] INFO  - ************ Verify the user details page is displayed *************** 
15:06:12.639 [main] INFO  - ************ Fill the invalid phone number or email *************** 
15:06:19.383 [main] INFO  - ************ Print the error message *************** 
15:06:33.768 [main] INFO  - ************ Click insurance products menu *************** 
15:06:34.830 [main] INFO  - ************ Navigate to Health insurance page *************** 
15:06:37.252 [main] INFO  - ************ verify the health insurance page is displayed *************** 
15:06:37.479 [main] INFO  - ************ hover the health insurance menu *************** 
15:06:37.931 [main] INFO  - ************ Retrieve all the sub menus successfully *************** 
15:33:05.576 [main] INFO  - ************ Navigate to travel insurance page *************** 
15:33:08.530 [main] INFO  - ************ Click on Any destination country *************** 
15:33:11.831 [main] INFO  - ************ click on next page to navigate date page *************** 
15:33:12.119 [main] INFO  - ************ choose the date and click on next *************** 
15:33:15.995 [main] INFO  - ************ Select number of traveller and age and click on next *************** 
15:33:23.261 [main] INFO  - ************ Choose the medical history details *************** 
15:33:25.509 [main] INFO  - ************ The plan page is visible *************** 
15:33:32.373 [main] INFO  - ************ The premium low to hign is select *************** 
15:33:43.811 [main] INFO  - ************ The more plan is click or not *************** 
15:33:50.186 [main] INFO  - ************ The lowest international travel plan is displayed *************** 
15:34:00.793 [main] INFO  - ********** Navigate to car insurance page **************** 
15:34:04.072 [main] INFO  - ************ Proceed without providing car number *************** 
15:34:07.384 [main] INFO  - ************ Select city and RTO number *************** 
15:34:13.724 [main] INFO  - ************ Select car brand *************** 
15:34:16.946 [main] INFO  - ************ Select car model *************** 
15:34:20.147 [main] INFO  - ************ Select car varient *************** 
15:34:23.381 [main] INFO  - ************ Verify the user details page is displayed *************** 
15:34:23.712 [main] INFO  - ************ Fill the invalid phone number or email *************** 
15:34:30.214 [main] INFO  - ************ Print the error message *************** 
15:34:43.510 [main] INFO  - ************ Click insurance products menu *************** 
15:34:44.062 [main] INFO  - ************ Navigate to Health insurance page *************** 
15:34:47.392 [main] INFO  - ************ verify the health insurance page is displayed *************** 
15:34:47.610 [main] INFO  - ************ hover the health insurance menu *************** 
15:34:47.907 [main] INFO  - ************ Retrieve all the sub menus successfully *************** 
15:39:26.729 [main] INFO  - ************ Navigate to travel insurance page *************** 
15:39:29.832 [main] INFO  - ************ Click on Any destination country *************** 
15:39:33.118 [main] INFO  - ************ click on next page to navigate date page *************** 
15:39:33.415 [main] INFO  - ************ choose the date and click on next *************** 
15:39:37.226 [main] INFO  - ************ Select number of traveller and age and click on next *************** 
15:39:44.267 [main] INFO  - ************ Choose the medical history details *************** 
15:39:44.665 [main] INFO  - ************ The plan page is visible *************** 
15:39:51.002 [main] INFO  - ************ The premium low to hign is select *************** 
15:40:02.421 [main] INFO  - ************ The more plan is click or not *************** 
15:40:08.790 [main] INFO  - ************ The lowest international travel plan is displayed *************** 
15:40:18.479 [main] INFO  - ********** Navigate to car insurance page **************** 
15:40:21.740 [main] INFO  - ************ Proceed without providing car number *************** 
15:40:24.990 [main] INFO  - ************ Select city and RTO number *************** 
15:40:31.326 [main] INFO  - ************ Select car brand *************** 
15:40:34.555 [main] INFO  - ************ Select car model *************** 
15:40:37.711 [main] INFO  - ************ Select car varient *************** 
15:40:40.894 [main] INFO  - ************ Verify the user details page is displayed *************** 
15:40:41.168 [main] INFO  - ************ Fill the invalid phone number or email *************** 
15:40:47.636 [main] INFO  - ************ Print the error message *************** 
15:41:00.536 [main] INFO  - ************ Click insurance products menu *************** 
15:41:01.109 [main] INFO  - ************ Navigate to Health insurance page *************** 
15:41:03.507 [main] INFO  - ************ verify the health insurance page is displayed *************** 
15:41:03.683 [main] INFO  - ************ hover the health insurance menu *************** 
15:41:04.006 [main] INFO  - ************ Retrieve all the sub menus successfully *************** 
17:51:07.643 [main] INFO  - ************ Navigate to travel insurance page *************** 
17:51:16.117 [main] INFO  - ************ Click on Any destination country *************** 
17:51:19.612 [main] INFO  - ************ click on next page to navigate date page *************** 
17:51:20.101 [main] INFO  - ************ choose the date and click on next *************** 
17:51:24.947 [main] INFO  - ************ Select number of traveller and age and click on next *************** 
17:51:33.002 [main] INFO  - ************ Choose the medical history details *************** 
17:51:33.698 [main] INFO  - ************ The plan page is visible *************** 
17:51:40.743 [main] INFO  - ************ The premium low to hign is select *************** 
17:51:52.528 [main] INFO  - ************ The lowest international travel plan is displayed *************** 
09:26:59.173 [main] INFO  - ************ Navigate to travel insurance page *************** 
09:27:06.064 [main] INFO  - ************ Click on Any destination country *************** 
09:27:09.421 [main] INFO  - ************ click on next page to navigate date page *************** 
09:27:09.836 [main] INFO  - ************ choose the date and click on next *************** 
09:27:14.046 [main] INFO  - ************ Select number of traveller and age and click on next *************** 
09:27:21.381 [main] INFO  - ************ Choose the medical history details *************** 
09:27:23.093 [main] INFO  - ************ The plan page is visible *************** 
09:27:32.115 [main] INFO  - ************ The premium low to hign is select *************** 
09:28:29.204 [main] INFO  - ********** Navigate to car insurance page **************** 
09:28:32.558 [main] INFO  - ************ Proceed without providing car number *************** 
09:28:35.986 [main] INFO  - ************ Select city and RTO number *************** 
09:28:42.412 [main] INFO  - ************ Select car brand *************** 
09:28:45.706 [main] INFO  - ************ Select car model *************** 
09:28:48.943 [main] INFO  - ************ Select car varient *************** 
09:28:52.193 [main] INFO  - ************ Verify the user details page is displayed *************** 
09:28:52.520 [main] INFO  - ************ Fill the invalid phone number or email *************** 
09:28:59.158 [main] INFO  - ************ Print the error message *************** 
09:29:41.380 [main] INFO  - ************ Click insurance products menu *************** 
09:29:41.969 [main] INFO  - ************ Navigate to Health insurance page *************** 
09:29:44.253 [main] INFO  - ************ verify the health insurance page is displayed *************** 
09:29:44.423 [main] INFO  - ************ hover the health insurance menu *************** 
09:29:44.750 [main] INFO  - ************ Retrieve all the sub menus successfully *************** 
09:33:35.362 [main] INFO  - ************ Navigate to travel insurance page *************** 
09:33:38.047 [main] INFO  - ************ Click on Any destination country *************** 
09:33:41.431 [main] INFO  - ************ click on next page to navigate date page *************** 
09:33:41.845 [main] INFO  - ************ choose the date and click on next *************** 
09:33:46.318 [main] INFO  - ************ Select number of traveller and age and click on next *************** 
09:33:53.742 [main] INFO  - ************ Choose the medical history details *************** 
09:33:54.251 [main] INFO  - ************ The plan page is visible *************** 
09:34:05.723 [main] INFO  - ************ The premium low to hign is select *************** 
09:34:21.307 [main] INFO  - ************ The lowest international travel plan is displayed *************** 
09:35:01.467 [main] INFO  - ********** Navigate to car insurance page **************** 
09:35:04.827 [main] INFO  - ************ Proceed without providing car number *************** 
09:35:08.244 [main] INFO  - ************ Select city and RTO number *************** 
09:35:14.666 [main] INFO  - ************ Select car brand *************** 
09:35:17.943 [main] INFO  - ************ Select car model *************** 
09:35:21.188 [main] INFO  - ************ Select car varient *************** 
09:35:24.506 [main] INFO  - ************ Verify the user details page is displayed *************** 
09:35:24.671 [main] INFO  - ************ Fill the invalid phone number or email *************** 
09:35:31.284 [main] INFO  - ************ Print the error message *************** 
09:36:13.845 [main] INFO  - ************ Click insurance products menu *************** 
09:36:14.971 [main] INFO  - ************ Navigate to Health insurance page *************** 
09:36:17.408 [main] INFO  - ************ verify the health insurance page is displayed *************** 
09:36:17.585 [main] INFO  - ************ hover the health insurance menu *************** 
09:36:17.966 [main] INFO  - ************ Retrieve all the sub menus successfully *************** 
09:41:04.769 [main] INFO  - ************ Navigate to travel insurance page *************** 
09:41:07.484 [main] INFO  - ************ Click on Any destination country *************** 
09:41:10.826 [main] INFO  - ************ click on next page to navigate date page *************** 
09:41:11.185 [main] INFO  - ************ choose the date and click on next *************** 
09:41:15.389 [main] INFO  - ************ Select number of traveller and age and click on next *************** 
09:41:22.645 [main] INFO  - ************ Choose the medical history details *************** 
09:41:23.159 [main] INFO  - ************ The plan page is visible *************** 
09:41:34.587 [main] INFO  - ************ The premium low to hign is select *************** 
09:41:50.237 [main] INFO  - ************ The lowest international travel plan is displayed *************** 
09:42:30.499 [main] INFO  - ********** Navigate to car insurance page **************** 
09:42:33.829 [main] INFO  - ************ Proceed without providing car number *************** 
09:42:37.219 [main] INFO  - ************ Select city and RTO number *************** 
09:42:43.664 [main] INFO  - ************ Select car brand *************** 
09:42:46.943 [main] INFO  - ************ Select car model *************** 
09:42:50.184 [main] INFO  - ************ Select car varient *************** 
09:42:53.449 [main] INFO  - ************ Verify the user details page is displayed *************** 
09:42:53.654 [main] INFO  - ************ Fill the invalid phone number or email *************** 
09:43:00.234 [main] INFO  - ************ Print the error message *************** 
09:43:42.198 [main] INFO  - ************ Click insurance products menu *************** 
09:43:42.729 [main] INFO  - ************ Navigate to Health insurance page *************** 
09:43:44.749 [main] INFO  - ************ verify the health insurance page is displayed *************** 
09:43:44.930 [main] INFO  - ************ hover the health insurance menu *************** 
09:43:45.214 [main] INFO  - ************ Retrieve all the sub menus successfully *************** 
09:46:51.124 [main] INFO  - ************ Navigate to travel insurance page *************** 
09:46:53.844 [main] INFO  - ************ Click on Any destination country *************** 
09:46:57.209 [main] INFO  - ************ click on next page to navigate date page *************** 
09:46:57.528 [main] INFO  - ************ choose the date and click on next *************** 
09:47:01.693 [main] INFO  - ************ Select number of traveller and age and click on next *************** 
09:47:09.002 [main] INFO  - ************ Choose the medical history details *************** 
09:47:09.458 [main] INFO  - ************ The plan page is visible *************** 
09:47:20.893 [main] INFO  - ************ The premium low to hign is select *************** 
09:47:36.417 [main] INFO  - ************ The lowest international travel plan is displayed *************** 
09:48:16.145 [main] INFO  - ********** Navigate to car insurance page **************** 
09:48:19.502 [main] INFO  - ************ Proceed without providing car number *************** 
09:48:22.912 [main] INFO  - ************ Select city and RTO number *************** 
09:48:29.352 [main] INFO  - ************ Select car brand *************** 
09:48:32.637 [main] INFO  - ************ Select car model *************** 
09:48:35.921 [main] INFO  - ************ Select car varient *************** 
09:48:39.172 [main] INFO  - ************ Verify the user details page is displayed *************** 
09:48:39.472 [main] INFO  - ************ Fill the invalid phone number or email *************** 
09:48:46.046 [main] INFO  - ************ Print the error message *************** 
09:49:27.985 [main] INFO  - ************ Click insurance products menu *************** 
09:49:28.551 [main] INFO  - ************ Navigate to Health insurance page *************** 
09:49:30.478 [main] INFO  - ************ verify the health insurance page is displayed *************** 
09:49:30.660 [main] INFO  - ************ hover the health insurance menu *************** 
09:49:30.961 [main] INFO  - ************ Retrieve all the sub menus successfully *************** 
09:55:04.817 [main] INFO  - ************ Navigate to travel insurance page *************** 
09:55:09.103 [main] INFO  - ************ Click on Any destination country *************** 
09:55:12.743 [main] INFO  - ************ click on next page to navigate date page *************** 
09:55:13.233 [main] INFO  - ************ choose the date and click on next *************** 
09:55:17.479 [main] INFO  - ************ Select number of traveller and age and click on next *************** 
09:55:24.971 [main] INFO  - ************ Choose the medical history details *************** 
09:55:25.469 [main] INFO  - ************ The plan page is visible *************** 
09:55:36.945 [main] INFO  - ************ The premium low to hign is select *************** 
09:55:52.571 [main] INFO  - ************ The lowest international travel plan is displayed *************** 
09:56:33.115 [main] INFO  - ********** Navigate to car insurance page **************** 
09:56:36.462 [main] INFO  - ************ Proceed without providing car number *************** 
09:56:39.858 [main] INFO  - ************ Select city and RTO number *************** 
09:56:46.380 [main] INFO  - ************ Select car brand *************** 
09:56:49.677 [main] INFO  - ************ Select car model *************** 
09:56:52.957 [main] INFO  - ************ Select car varient *************** 
09:56:56.267 [main] INFO  - ************ Verify the user details page is displayed *************** 
09:56:56.648 [main] INFO  - ************ Fill the invalid phone number or email *************** 
09:57:03.336 [main] INFO  - ************ Print the error message *************** 
09:57:46.534 [main] INFO  - ************ Click insurance products menu *************** 
09:57:47.161 [main] INFO  - ************ Navigate to Health insurance page *************** 
09:57:52.929 [main] INFO  - ************ verify the health insurance page is displayed *************** 
09:57:53.112 [main] INFO  - ************ hover the health insurance menu *************** 
09:57:53.440 [main] INFO  - ************ Retrieve all the sub menus successfully *************** 
10:35:23.340 [main] INFO  - ************ Navigate to travel insurance page *************** 
10:35:26.223 [main] INFO  - ************ Click on Any destination country *************** 
10:35:29.745 [main] INFO  - ************ click on next page to navigate date page *************** 
10:35:30.182 [main] INFO  - ************ choose the date and click on next *************** 
10:35:34.779 [main] INFO  - ************ Select number of traveller and age and click on next *************** 
10:35:42.586 [main] INFO  - ************ Choose the medical history details *************** 
10:35:43.233 [main] INFO  - ************ The plan page is visible *************** 
10:35:54.788 [main] INFO  - ************ The premium low to hign is select *************** 
10:36:10.616 [main] INFO  - ************ The lowest international travel plan is displayed *************** 
10:37:06.704 [main] INFO  - ********** Navigate to car insurance page **************** 
10:37:10.179 [main] INFO  - ************ Proceed without providing car number *************** 
10:37:13.745 [main] INFO  - ************ Select city and RTO number *************** 
10:37:20.291 [main] INFO  - ************ Select car brand *************** 
10:37:23.642 [main] INFO  - ************ Select car model *************** 
10:37:27.014 [main] INFO  - ************ Select car varient *************** 
10:37:30.362 [main] INFO  - ************ Verify the user details page is displayed *************** 
10:37:30.653 [main] INFO  - ************ Fill the invalid phone number or email *************** 
10:37:37.535 [main] INFO  - ************ Print the error message *************** 
10:38:35.559 [main] INFO  - ************ Click insurance products menu *************** 
10:38:36.275 [main] INFO  - ************ Navigate to Health insurance page *************** 
10:38:38.245 [main] INFO  - ************ verify the health insurance page is displayed *************** 
10:38:38.474 [main] INFO  - ************ hover the health insurance menu *************** 
10:38:38.895 [main] INFO  - ************ Retrieve all the sub menus successfully *************** 
10:42:13.380 [main] INFO  - ************ Navigate to travel insurance page *************** 
10:42:16.166 [main] INFO  - ************ Click on Any destination country *************** 
10:42:19.679 [main] INFO  - ************ click on next page to navigate date page *************** 
10:42:20.087 [main] INFO  - ************ choose the date and click on next *************** 
10:42:24.581 [main] INFO  - ************ Select number of traveller and age and click on next *************** 
10:42:32.945 [main] INFO  - ************ Choose the medical history details *************** 
10:42:33.616 [main] INFO  - ************ The plan page is visible *************** 
10:42:45.165 [main] INFO  - ************ The premium low to hign is select *************** 
10:43:01.013 [main] INFO  - ************ The lowest international travel plan is displayed *************** 
10:44:00.335 [main] INFO  - ********** Navigate to car insurance page **************** 
10:44:04.062 [main] INFO  - ************ Proceed without providing car number *************** 
10:44:07.622 [main] INFO  - ************ Select city and RTO number *************** 
10:44:14.489 [main] INFO  - ************ Select car brand *************** 
10:44:17.867 [main] INFO  - ************ Select car model *************** 
10:44:21.155 [main] INFO  - ************ Select car varient *************** 
10:44:24.486 [main] INFO  - ************ Verify the user details page is displayed *************** 
10:44:24.751 [main] INFO  - ************ Fill the invalid phone number or email *************** 
10:44:31.518 [main] INFO  - ************ Print the error message *************** 
10:45:29.512 [main] INFO  - ************ Click insurance products menu *************** 
10:45:30.691 [main] INFO  - ************ Navigate to Health insurance page *************** 
10:45:34.472 [main] INFO  - ************ verify the health insurance page is displayed *************** 
10:45:34.688 [main] INFO  - ************ hover the health insurance menu *************** 
10:45:35.152 [main] INFO  - ************ Retrieve all the sub menus successfully *************** 
10:50:48.283 [main] INFO  - ************ Navigate to travel insurance page *************** 
10:50:50.885 [main] INFO  - ************ Click on Any destination country *************** 
10:50:54.331 [main] INFO  - ************ click on next page to navigate date page *************** 
10:50:54.729 [main] INFO  - ************ choose the date and click on next *************** 
10:50:59.178 [main] INFO  - ************ Select number of traveller and age and click on next *************** 
10:51:06.695 [main] INFO  - ************ Choose the medical history details *************** 
10:51:07.215 [main] INFO  - ************ The plan page is visible *************** 
10:51:18.750 [main] INFO  - ************ The premium low to hign is select *************** 
10:51:34.544 [main] INFO  - ************ The lowest international travel plan is displayed *************** 
10:52:34.750 [main] INFO  - ********** Navigate to car insurance page **************** 
10:52:38.247 [main] INFO  - ************ Proceed without providing car number *************** 
10:52:41.771 [main] INFO  - ************ Select city and RTO number *************** 
10:52:48.336 [main] INFO  - ************ Select car brand *************** 
10:52:51.734 [main] INFO  - ************ Select car model *************** 
10:52:55.004 [main] INFO  - ************ Select car varient *************** 
10:52:58.370 [main] INFO  - ************ Verify the user details page is displayed *************** 
10:52:58.679 [main] INFO  - ************ Fill the invalid phone number or email *************** 
10:53:05.449 [main] INFO  - ************ Print the error message *************** 
10:54:06.131 [main] INFO  - ************ Click insurance products menu *************** 
10:54:06.885 [main] INFO  - ************ Navigate to Health insurance page *************** 
10:54:36.676 [main] INFO  - ************ verify the health insurance page is displayed *************** 
10:54:36.999 [main] INFO  - ************ hover the health insurance menu *************** 
10:54:37.542 [main] INFO  - ************ Retrieve all the sub menus successfully *************** 
14:20:40.239 [main] INFO  - ************ Navigate to travel insurance page *************** 
14:20:55.559 [main] INFO  - ************ Click on Any destination country *************** 
14:20:58.898 [main] INFO  - ************ click on next page to navigate date page *************** 
14:20:59.269 [main] INFO  - ************ choose the date and click on next *************** 
14:21:03.234 [main] INFO  - ************ Select number of traveller and age and click on next *************** 
14:21:10.438 [main] INFO  - ************ Choose the medical history details *************** 
14:21:10.948 [main] INFO  - ************ The plan page is visible *************** 
14:21:24.201 [main] INFO  - ************ The premium low to hign is select *************** 
14:21:39.748 [main] INFO  - ************ The lowest international travel plan is displayed *************** 
14:22:43.166 [main] INFO  - ********** Navigate to car insurance page **************** 
14:22:46.521 [main] INFO  - ************ Proceed without providing car number *************** 
14:22:50.005 [main] INFO  - ************ Select city and RTO number *************** 
14:28:16.855 [main] INFO  - ************ Navigate to travel insurance page *************** 
14:28:19.714 [main] INFO  - ************ Click on Any destination country *************** 
14:28:23.148 [main] INFO  - ************ click on next page to navigate date page *************** 
14:28:23.445 [main] INFO  - ************ choose the date and click on next *************** 
14:28:27.347 [main] INFO  - ************ Select number of traveller and age and click on next *************** 
14:28:34.426 [main] INFO  - ************ Choose the medical history details *************** 
14:28:38.194 [main] INFO  - ************ The plan page is visible *************** 
14:28:47.589 [main] INFO  - ************ The premium low to hign is select *************** 
14:29:03.197 [main] INFO  - ************ The lowest international travel plan is displayed *************** 
14:29:46.884 [main] INFO  - ********** Navigate to car insurance page **************** 
14:29:50.248 [main] INFO  - ************ Proceed without providing car number *************** 
14:29:53.610 [main] INFO  - ************ Select city and RTO number *************** 
14:30:00.067 [main] INFO  - ************ Select car brand *************** 
14:30:03.361 [main] INFO  - ************ Select car model *************** 
14:30:06.592 [main] INFO  - ************ Select car varient *************** 
14:30:09.831 [main] INFO  - ************ Verify the user details page is displayed *************** 
14:30:10.201 [main] INFO  - ************ Fill the invalid phone number or email *************** 
14:30:16.923 [main] INFO  - ************ Print the error message *************** 
14:31:00.443 [main] INFO  - ************ Click insurance products menu *************** 
14:31:01.232 [main] INFO  - ************ Navigate to Health insurance page *************** 
14:31:31.029 [main] INFO  - ************ verify the health insurance page is displayed *************** 
14:31:31.291 [main] INFO  - ************ hover the health insurance menu *************** 
14:31:31.744 [main] INFO  - ************ Retrieve all the sub menus successfully *************** 
14:37:47.927 [main] INFO  - ************ Navigate to travel insurance page *************** 
14:37:50.600 [main] INFO  - ************ Click on Any destination country *************** 
14:37:53.873 [main] INFO  - ************ click on next page to navigate date page *************** 
14:37:54.295 [main] INFO  - ************ choose the date and click on next *************** 
14:37:58.426 [main] INFO  - ************ Select number of traveller and age and click on next *************** 
14:38:05.477 [main] INFO  - ************ Choose the medical history details *************** 
14:38:05.904 [main] INFO  - ************ The plan page is visible *************** 
14:38:15.249 [main] INFO  - ************ The premium low to hign is select *************** 
14:38:30.705 [main] INFO  - ************ The lowest international travel plan is displayed *************** 
14:39:09.722 [main] INFO  - ********** Navigate to car insurance page **************** 
14:39:12.946 [main] INFO  - ************ Proceed without providing car number *************** 
14:39:16.261 [main] INFO  - ************ Select city and RTO number *************** 
14:39:22.604 [main] INFO  - ************ Select car brand *************** 
14:39:25.849 [main] INFO  - ************ Select car model *************** 
14:39:29.032 [main] INFO  - ************ Select car varient *************** 
14:39:32.243 [main] INFO  - ************ Verify the user details page is displayed *************** 
14:39:32.511 [main] INFO  - ************ Fill the invalid phone number or email *************** 
14:39:38.989 [main] INFO  - ************ Print the error message *************** 
14:40:20.702 [main] INFO  - ************ Click insurance products menu *************** 
14:40:21.163 [main] INFO  - ************ Navigate to Health insurance page *************** 
14:40:22.921 [main] INFO  - ************ verify the health insurance page is displayed *************** 
14:40:23.117 [main] INFO  - ************ hover the health insurance menu *************** 
14:40:23.521 [main] INFO  - ************ Retrieve all the sub menus successfully *************** 
18:23:47.145 [main] INFO  - ************ Navigate to travel insurance page *************** 
18:23:50.401 [main] INFO  - ************ Click on Any destination country *************** 
18:23:53.860 [main] INFO  - ************ click on next page to navigate date page *************** 
18:23:54.452 [main] INFO  - ************ choose the date and click on next *************** 
18:23:59.490 [main] INFO  - ************ Select number of traveller and age and click on next *************** 
18:24:07.399 [main] INFO  - ************ Choose the medical history details *************** 
18:24:08.071 [main] INFO  - ************ The plan page is visible *************** 
18:24:18.185 [main] INFO  - ************ The premium low to hign is select *************** 
18:24:34.000 [main] INFO  - ************ The lowest international travel plan is displayed *************** 
18:24:46.187 [main] INFO  - ********** Navigate to car insurance page **************** 
18:24:49.728 [main] INFO  - ************ Proceed without providing car number *************** 
18:24:53.516 [main] INFO  - ************ Select city and RTO number *************** 
18:25:00.288 [main] INFO  - ************ Select car brand *************** 
18:25:03.800 [main] INFO  - ************ Select car model *************** 
18:25:07.141 [main] INFO  - ************ Select car varient *************** 
18:25:10.575 [main] INFO  - ************ Verify the user details page is displayed *************** 
18:25:10.882 [main] INFO  - ************ Fill the invalid phone number or email *************** 
18:25:28.355 [main] INFO  - ************ Click insurance products menu *************** 
18:25:29.486 [main] INFO  - ************ Navigate to Health insurance page *************** 
18:31:53.815 [main] INFO  - ************ Navigate to travel insurance page *************** 
18:31:57.688 [main] INFO  - ************ Click on Any destination country *************** 
18:32:01.198 [main] INFO  - ************ click on next page to navigate date page *************** 
18:32:01.914 [main] INFO  - ************ choose the date and click on next *************** 
18:32:07.420 [main] INFO  - ************ Select number of traveller and age and click on next *************** 
18:32:15.365 [main] INFO  - ************ Choose the medical history details *************** 
18:32:16.251 [main] INFO  - ************ The plan page is visible *************** 
18:32:26.996 [main] INFO  - ************ The premium low to hign is select *************** 
18:32:42.996 [main] INFO  - ************ The lowest international travel plan is displayed *************** 
18:32:55.809 [main] INFO  - ********** Navigate to car insurance page **************** 
18:32:59.232 [main] INFO  - ************ Proceed without providing car number *************** 
18:33:02.764 [main] INFO  - ************ Select city and RTO number *************** 
18:33:09.545 [main] INFO  - ************ Select car brand *************** 
18:33:12.973 [main] INFO  - ************ Select car model *************** 
18:33:16.266 [main] INFO  - ************ Select car varient *************** 
18:33:19.634 [main] INFO  - ************ Verify the user details page is displayed *************** 
18:33:19.877 [main] INFO  - ************ Fill the invalid phone number or email *************** 
18:33:36.212 [main] INFO  - ************ Click insurance products menu *************** 
18:33:37.364 [main] INFO  - ************ Navigate to Health insurance page *************** 
