14:40:17.521 [main] DEBUG - Save content types part
14:40:17.539 [main] DEBUG - Save package relationships
14:40:17.541 [main] DEBUG - Save part 'docProps/app.xml'
14:40:17.542 [main] DEBUG - Save part 'docProps/core.xml'
14:40:17.543 [main] DEBUG - Save part 'xl/sharedStrings.xml'
14:40:17.543 [main] DEBUG - Save part 'xl/styles.xml'
14:40:17.543 [main] DEBUG - Save part 'xl/workbook.xml'
14:40:17.545 [main] DEBUG - Save part 'xl/worksheets/sheet1.xml'
14:40:17.605 [main] DEBUG - Parsing relationship: /xl/_rels/workbook.xml.rels
14:40:17.606 [main] DEBUG - Parsing relationship: /_rels/.rels
14:40:17.667 [main] DEBUG - Save content types part
14:40:17.670 [main] DEBUG - Save package relationships
14:40:17.671 [main] DEBUG - Save part 'docProps/app.xml'
14:40:17.672 [main] DEBUG - Save part 'docProps/core.xml'
14:40:17.674 [main] DEBUG - Save part 'xl/sharedStrings.xml'
14:40:17.676 [main] DEBUG - Save part 'xl/styles.xml'
14:40:17.677 [main] DEBUG - Save part 'xl/workbook.xml'
14:40:17.679 [main] DEBUG - Save part 'xl/worksheets/sheet1.xml'
14:40:17.763 [main] DEBUG - Parsing relationship: /xl/_rels/workbook.xml.rels
14:40:17.764 [main] DEBUG - Parsing relationship: /_rels/.rels
14:40:17.785 [main] DEBUG - Save content types part
14:40:17.788 [main] DEBUG - Save package relationships
14:40:17.790 [main] DEBUG - Save part 'docProps/app.xml'
14:40:17.791 [main] DEBUG - Save part 'docProps/core.xml'
14:40:17.794 [main] DEBUG - Save part 'xl/sharedStrings.xml'
14:40:17.794 [main] DEBUG - Save part 'xl/styles.xml'
14:40:17.794 [main] DEBUG - Save part 'xl/workbook.xml'
14:40:17.796 [main] DEBUG - Save part 'xl/worksheets/sheet1.xml'
14:40:17.954 [main] DEBUG - Parsing relationship: /xl/_rels/workbook.xml.rels
14:40:17.957 [main] DEBUG - Parsing relationship: /_rels/.rels
14:40:17.982 [main] DEBUG - Save content types part
14:40:17.983 [main] DEBUG - Save package relationships
14:40:17.984 [main] DEBUG - Save part 'docProps/app.xml'
14:40:17.985 [main] DEBUG - Save part 'docProps/core.xml'
14:40:17.986 [main] DEBUG - Save part 'xl/sharedStrings.xml'
14:40:17.987 [main] DEBUG - Save part 'xl/styles.xml'
14:40:17.987 [main] DEBUG - Save part 'xl/workbook.xml'
14:40:17.989 [main] DEBUG - Save part 'xl/worksheets/sheet1.xml'
14:40:18.042 [main] DEBUG - Parsing relationship: /xl/_rels/workbook.xml.rels
14:40:18.044 [main] DEBUG - Parsing relationship: /_rels/.rels
14:40:18.061 [main] DEBUG - Save content types part
14:40:18.063 [main] DEBUG - Save package relationships
14:40:18.065 [main] DEBUG - Save part 'docProps/app.xml'
14:40:18.065 [main] DEBUG - Save part 'docProps/core.xml'
14:40:18.068 [main] DEBUG - Save part 'xl/sharedStrings.xml'
14:40:18.068 [main] DEBUG - Save part 'xl/styles.xml'
14:40:18.069 [main] DEBUG - Save part 'xl/workbook.xml'
14:40:18.071 [main] DEBUG - Save part 'xl/worksheets/sheet1.xml'
14:40:18.132 [main] DEBUG - Parsing relationship: /xl/_rels/workbook.xml.rels
14:40:18.134 [main] DEBUG - Parsing relationship: /_rels/.rels
14:40:18.154 [main] DEBUG - Save content types part
14:40:18.155 [main] DEBUG - Save package relationships
14:40:18.157 [main] DEBUG - Save part 'docProps/app.xml'
14:40:18.158 [main] DEBUG - Save part 'docProps/core.xml'
14:40:18.160 [main] DEBUG - Save part 'xl/sharedStrings.xml'
14:40:18.160 [main] DEBUG - Save part 'xl/styles.xml'
14:40:18.160 [main] DEBUG - Save part 'xl/workbook.xml'
14:40:18.161 [main] DEBUG - Save part 'xl/worksheets/sheet1.xml'
14:40:18.212 [main] DEBUG - Parsing relationship: /xl/_rels/workbook.xml.rels
14:40:18.213 [main] DEBUG - Parsing relationship: /_rels/.rels
14:40:18.234 [main] DEBUG - Save content types part
14:40:18.236 [main] DEBUG - Save package relationships
14:40:18.239 [main] DEBUG - Save part 'docProps/app.xml'
14:40:18.239 [main] DEBUG - Save part 'docProps/core.xml'
14:40:18.243 [main] DEBUG - Save part 'xl/sharedStrings.xml'
14:40:18.244 [main] DEBUG - Save part 'xl/styles.xml'
14:40:18.244 [main] DEBUG - Save part 'xl/workbook.xml'
14:40:18.246 [main] DEBUG - Save part 'xl/worksheets/sheet1.xml'
14:40:18.298 [main] DEBUG - Parsing relationship: /xl/_rels/workbook.xml.rels
14:40:18.298 [main] DEBUG - Parsing relationship: /_rels/.rels
14:40:18.320 [main] DEBUG - Save content types part
14:40:18.322 [main] DEBUG - Save package relationships
14:40:18.325 [main] DEBUG - Save part 'docProps/app.xml'
14:40:18.326 [main] DEBUG - Save part 'docProps/core.xml'
14:40:18.327 [main] DEBUG - Save part 'xl/sharedStrings.xml'
14:40:18.327 [main] DEBUG - Save part 'xl/styles.xml'
14:40:18.328 [main] DEBUG - Save part 'xl/workbook.xml'
14:40:18.329 [main] DEBUG - Save part 'xl/worksheets/sheet1.xml'
14:40:18.390 [main] DEBUG - Parsing relationship: /xl/_rels/workbook.xml.rels
14:40:18.391 [main] DEBUG - Parsing relationship: /_rels/.rels
14:40:18.416 [main] DEBUG - Save content types part
14:40:18.418 [main] DEBUG - Save package relationships
14:40:18.419 [main] DEBUG - Save part 'docProps/app.xml'
14:40:18.419 [main] DEBUG - Save part 'docProps/core.xml'
14:40:18.421 [main] DEBUG - Save part 'xl/sharedStrings.xml'
14:40:18.421 [main] DEBUG - Save part 'xl/styles.xml'
14:40:18.421 [main] DEBUG - Save part 'xl/workbook.xml'
14:40:18.423 [main] DEBUG - Save part 'xl/worksheets/sheet1.xml'
14:40:18.488 [main] DEBUG - Parsing relationship: /xl/_rels/workbook.xml.rels
14:40:18.489 [main] DEBUG - Parsing relationship: /_rels/.rels
14:40:18.510 [main] DEBUG - Save content types part
14:40:18.512 [main] DEBUG - Save package relationships
14:40:18.514 [main] DEBUG - Save part 'docProps/app.xml'
14:40:18.514 [main] DEBUG - Save part 'docProps/core.xml'
14:40:18.516 [main] DEBUG - Save part 'xl/sharedStrings.xml'
14:40:18.517 [main] DEBUG - Save part 'xl/styles.xml'
14:40:18.517 [main] DEBUG - Save part 'xl/workbook.xml'
14:40:18.520 [main] DEBUG - Save part 'xl/worksheets/sheet1.xml'
14:40:18.573 [main] DEBUG - Parsing relationship: /xl/_rels/workbook.xml.rels
14:40:18.575 [main] DEBUG - Parsing relationship: /_rels/.rels
14:40:18.598 [main] DEBUG - Save content types part
14:40:18.599 [main] DEBUG - Save package relationships
14:40:18.600 [main] DEBUG - Save part 'docProps/app.xml'
14:40:18.600 [main] DEBUG - Save part 'docProps/core.xml'
14:40:18.602 [main] DEBUG - Save part 'xl/sharedStrings.xml'
14:40:18.603 [main] DEBUG - Save part 'xl/styles.xml'
14:40:18.603 [main] DEBUG - Save part 'xl/workbook.xml'
14:40:18.604 [main] DEBUG - Save part 'xl/worksheets/sheet1.xml'
14:40:18.659 [main] DEBUG - Parsing relationship: /xl/_rels/workbook.xml.rels
14:40:18.660 [main] DEBUG - Parsing relationship: /_rels/.rels
14:40:18.682 [main] DEBUG - Save content types part
14:40:18.684 [main] DEBUG - Save package relationships
14:40:18.686 [main] DEBUG - Save part 'docProps/app.xml'
14:40:18.686 [main] DEBUG - Save part 'docProps/core.xml'
14:40:18.687 [main] DEBUG - Save part 'xl/sharedStrings.xml'
14:40:18.687 [main] DEBUG - Save part 'xl/styles.xml'
14:40:18.687 [main] DEBUG - Save part 'xl/workbook.xml'
14:40:18.688 [main] DEBUG - Save part 'xl/worksheets/sheet1.xml'
14:40:18.747 [main] DEBUG - Parsing relationship: /xl/_rels/workbook.xml.rels
14:40:18.747 [main] DEBUG - Parsing relationship: /_rels/.rels
14:40:18.769 [main] DEBUG - Save content types part
14:40:18.771 [main] DEBUG - Save package relationships
14:40:18.774 [main] DEBUG - Save part 'docProps/app.xml'
14:40:18.774 [main] DEBUG - Save part 'docProps/core.xml'
14:40:18.776 [main] DEBUG - Save part 'xl/sharedStrings.xml'
14:40:18.776 [main] DEBUG - Save part 'xl/styles.xml'
14:40:18.777 [main] DEBUG - Save part 'xl/workbook.xml'
14:40:18.778 [main] DEBUG - Save part 'xl/worksheets/sheet1.xml'
20:52:01.651 [main] TRACE - Loading type system org.apache.poi.schemas.ooxml.system.ooxml
20:52:01.662 [main] TRACE - Loading type system org.apache.xmlbeans.metadata.system.sXMLCONFIG
20:52:01.663 [main] TRACE - Loading type system org.apache.xmlbeans.metadata.system.sXMLLANG
20:52:01.664 [main] TRACE - Loading type system org.apache.xmlbeans.metadata.system.sXMLSCHEMA
20:52:01.664 [main] TRACE - Loading type system org.apache.xmlbeans.metadata.system.sXMLTOOLS
20:52:01.667 [main] TRACE - Reading unresolved handles for type system org.apache.xmlbeans.metadata.system.sXMLTOOLS
20:52:01.691 [main] TRACE - Finished loading type system org.apache.xmlbeans.metadata.system.sXMLTOOLS
20:52:01.694 [main] TRACE - Reading unresolved handles for type system org.apache.xmlbeans.metadata.system.sXMLSCHEMA
20:52:01.703 [main] TRACE - Finished loading type system org.apache.xmlbeans.metadata.system.sXMLSCHEMA
20:52:01.705 [main] TRACE - Reading unresolved handles for type system org.apache.xmlbeans.metadata.system.sXMLLANG
20:52:01.706 [main] TRACE - Finished loading type system org.apache.xmlbeans.metadata.system.sXMLLANG
20:52:01.709 [main] TRACE - Reading unresolved handles for type system org.apache.xmlbeans.metadata.system.sXMLCONFIG
20:52:01.711 [main] TRACE - Finished loading type system org.apache.xmlbeans.metadata.system.sXMLCONFIG
20:52:01.713 [main] TRACE - Reading unresolved handles for type system org.apache.poi.schemas.ooxml.system.ooxml
20:52:01.793 [main] TRACE - Finished loading type system org.apache.poi.schemas.ooxml.system.ooxml
20:52:01.796 [main] TRACE - Resolving type for handle ctworkbook83c3type
20:52:01.892 [main] TRACE - Resolving type for handle ctworkbookpr03a5type
20:52:01.917 [main] TRACE - Resolving type for handle ctbookviewsb864type
20:52:01.922 [main] TRACE - Resolving type for handle ctbookviewf677type
20:52:01.939 [main] TRACE - Resolving type for handle ctsheets49fdtype
20:52:01.946 [main] TRACE - Resolving type for handle propertiesee84doctype
20:52:01.949 [main] TRACE - Resolving type for handle ctproperties3f10type
20:52:01.957 [main] TRACE - Resolving type for handle properties288cdoctype
20:52:01.961 [main] TRACE - Resolving type for handle ctproperties2c18type
20:52:01.975 [main] TRACE - Resolving type for handle sstf81fdoctype
20:52:01.978 [main] TRACE - Resolving type for handle ctsst44f3type
20:52:01.988 [main] TRACE - Resolving type for handle stylesheet5d8bdoctype
20:52:01.991 [main] TRACE - Resolving type for handle ctstylesheet4257type
20:52:02.000 [main] TRACE - Resolving type for handle ctfont14d8type
20:52:02.013 [main] TRACE - Resolving type for handle ctfontsizeb3b9type
20:52:02.023 [main] TRACE - Resolving type for handle ctcolord2c2type
20:52:02.031 [main] TRACE - Resolving type for handle ctfontname2dc3type
20:52:02.037 [main] TRACE - Resolving type for handle stxstringf179type
20:52:02.045 [main] TRACE - Resolving type for handle ctfontfamily685ctype
20:52:02.050 [main] TRACE - Resolving type for handle stfontfamily9c6ctype
20:52:02.059 [main] TRACE - Resolving type for handle ctfontschemebf5dtype
20:52:02.066 [main] TRACE - Resolving type for handle stfontschemef36dtype
20:52:02.077 [main] TRACE - Resolving type for handle ctfill550ctype
20:52:02.084 [main] TRACE - Resolving type for handle ctpatternfill7452type
20:52:02.095 [main] TRACE - Resolving type for handle stpatterntype7939type
20:52:02.104 [main] TRACE - Resolving type for handle ctborderf935type
20:52:02.110 [main] TRACE - Resolving type for handle ctborderpre497type
20:52:02.130 [main] TRACE - Resolving type for handle ctxf97f7type
20:52:02.138 [main] TRACE - Resolving type for handle stnumfmtid76fbtype
20:52:02.143 [main] TRACE - Resolving type for handle stfontid9d63type
20:52:02.147 [main] TRACE - Resolving type for handle stfillida097type
20:52:02.153 [main] TRACE - Resolving type for handle stborderid1a80type
20:52:02.161 [main] TRACE - Resolving type for handle stcellstylexfid70c7type
20:52:02.181 [main] TRACE - Resolving type for handle ctsheet4dbetype
20:52:02.201 [main] TRACE - Resolving type for handle ctworksheet530dtype
20:52:02.221 [main] TRACE - Resolving type for handle ctsheetformatprdef7type
20:52:02.241 [main] TRACE - Resolving type for handle ctsheetviewsb918type
20:52:02.251 [main] TRACE - Resolving type for handle ctsheetview0f43type
20:52:02.271 [main] TRACE - Resolving type for handle ctsheetdimensiond310type
20:52:02.280 [main] TRACE - Resolving type for handle stref90a2type
20:52:02.289 [main] TRACE - Resolving type for handle ctsheetdata8408type
20:52:02.297 [main] TRACE - Resolving type for handle ctpagemargins5455type
20:52:02.325 [main] TRACE - Resolving type for handle ctcols627ctype
20:52:02.334 [main] TRACE - Resolving type for handle strelationshipid1e94type
20:52:02.344 [main] TRACE - Resolving type for handle ctbooleanproperty1f3ctype
20:52:02.365 [main] TRACE - Resolving type for handle ctrowdd39type
20:52:02.389 [main] TRACE - Resolving type for handle ctcell842btype
20:52:02.432 [main] TRACE - Resolving type for handle stcellrefe4e0type
20:52:02.449 [main] TRACE - Resolving type for handle ctrsta472type
20:52:02.460 [main] TRACE - Resolving type for handle stcelltypebf95type
20:52:02.546 [main] TRACE - Resolving type for handle ctnumfmtsb58btype
20:52:02.554 [main] TRACE - Resolving type for handle ctfonts6623type
20:52:02.569 [main] TRACE - Resolving type for handle ctfills2c6ftype
20:52:02.577 [main] TRACE - Resolving type for handle ctborders0d66type
20:52:02.585 [main] TRACE - Resolving type for handle ctcellxfs1322type
20:52:02.593 [main] TRACE - Resolving type for handle ctcellstylexfsa81ftype
20:52:02.644 [main] DEBUG - Save core properties part
20:52:02.645 [main] DEBUG - Save content types part
20:52:02.877 [main] DEBUG - Save package relationships
20:52:02.896 [main] DEBUG - Save part 'docProps/app.xml'
20:52:02.908 [main] DEBUG - Save part 'docProps/core.xml'
20:52:02.925 [main] DEBUG - Save part 'xl/sharedStrings.xml'
20:52:02.926 [main] DEBUG - Save part 'xl/styles.xml'
20:52:02.926 [main] DEBUG - Save part 'xl/workbook.xml'
20:52:02.933 [main] DEBUG - Save part 'xl/worksheets/sheet1.xml'
20:52:02.943 [main] DEBUG - Save content types part
20:52:02.948 [main] DEBUG - Save package relationships
20:52:02.953 [main] DEBUG - Save part 'docProps/app.xml'
20:52:02.954 [main] DEBUG - Save part 'docProps/core.xml'
20:52:02.956 [main] DEBUG - Save part 'xl/sharedStrings.xml'
20:52:02.957 [main] DEBUG - Save part 'xl/styles.xml'
20:52:02.957 [main] DEBUG - Save part 'xl/workbook.xml'
20:52:02.960 [main] DEBUG - Save part 'xl/worksheets/sheet1.xml'
20:52:56.761 [main] DEBUG - Save core properties part
20:52:56.761 [main] DEBUG - Save content types part
20:52:56.766 [main] DEBUG - Save package relationships
20:52:56.770 [main] DEBUG - Save part 'docProps/app.xml'
20:52:56.770 [main] DEBUG - Save part 'docProps/core.xml'
20:52:56.774 [main] DEBUG - Save part 'xl/sharedStrings.xml'
20:52:56.774 [main] DEBUG - Save part 'xl/styles.xml'
20:52:56.775 [main] DEBUG - Save part 'xl/workbook.xml'
20:52:56.777 [main] DEBUG - Save part 'xl/worksheets/sheet1.xml'
20:52:56.779 [main] DEBUG - Save content types part
20:52:56.782 [main] DEBUG - Save package relationships
20:52:56.787 [main] DEBUG - Save part 'docProps/app.xml'
20:52:56.788 [main] DEBUG - Save part 'docProps/core.xml'
20:52:56.791 [main] DEBUG - Save part 'xl/sharedStrings.xml'
20:52:56.792 [main] DEBUG - Save part 'xl/styles.xml'
20:52:56.793 [main] DEBUG - Save part 'xl/workbook.xml'
20:52:56.803 [main] DEBUG - Save part 'xl/worksheets/sheet1.xml'
20:53:00.096 [main] INFO  - **********Verify 
20:53:25.906 [main] DEBUG - Parsing relationship: /xl/_rels/workbook.xml.rels
20:53:25.908 [main] DEBUG - Parsing relationship: /xl/worksheets/_rels/sheet1.xml.rels
20:53:25.910 [main] DEBUG - Parsing relationship: /_rels/.rels
20:53:25.934 [main] TRACE - Resolving type for handle themefd26doctype
20:53:25.965 [main] TRACE - Resolving type for handle ctdxfsb26atype
20:53:25.969 [main] TRACE - Resolving type for handle cttablestyles872ftype
20:53:25.979 [main] TRACE - Resolving type for handle workbookec17doctype
20:53:25.985 [main] TRACE - Resolving type for handle worksheetf539doctype
20:53:25.991 [main] TRACE - Resolving type for handle ctcola95ftype
20:53:25.998 [main] TRACE - Resolving type for handle cthyperlinks6416type
20:53:26.001 [main] TRACE - Resolving type for handle cthyperlink0c85type
20:53:41.301 [main] DEBUG - Save core properties part
20:53:41.302 [main] DEBUG - Save content types part
20:53:41.307 [main] DEBUG - Save package relationships
20:53:41.312 [main] DEBUG - Save part 'docProps/app.xml'
20:53:41.313 [main] DEBUG - Save part 'docProps/core.xml'
20:53:41.316 [main] DEBUG - Save part 'xl/sharedStrings.xml'
20:53:41.317 [main] DEBUG - Save part 'xl/styles.xml'
20:53:41.318 [main] DEBUG - Save part 'xl/workbook.xml'
20:53:41.324 [main] DEBUG - Save part 'xl/worksheets/sheet1.xml'
20:53:41.327 [main] DEBUG - Save content types part
20:53:41.331 [main] DEBUG - Save package relationships
20:53:41.334 [main] DEBUG - Save part 'docProps/app.xml'
20:53:41.334 [main] DEBUG - Save part 'docProps/core.xml'
20:53:41.338 [main] DEBUG - Save part 'xl/sharedStrings.xml'
20:53:41.339 [main] DEBUG - Save part 'xl/styles.xml'
20:53:41.340 [main] DEBUG - Save part 'xl/workbook.xml'
20:53:41.344 [main] DEBUG - Save part 'xl/worksheets/sheet1.xml'
20:53:49.409 [main] DEBUG - Parsing relationship: /xl/_rels/workbook.xml.rels
20:53:49.410 [main] DEBUG - Parsing relationship: /_rels/.rels
20:53:49.446 [main] DEBUG - Save content types part
20:53:49.449 [main] DEBUG - Save package relationships
20:53:49.451 [main] DEBUG - Save part 'docProps/app.xml'
20:53:49.451 [main] DEBUG - Save part 'docProps/core.xml'
20:53:49.453 [main] DEBUG - Save part 'xl/sharedStrings.xml'
20:53:49.453 [main] DEBUG - Save part 'xl/styles.xml'
20:53:49.454 [main] DEBUG - Save part 'xl/workbook.xml'
20:53:49.455 [main] DEBUG - Save part 'xl/worksheets/sheet1.xml'
20:53:49.514 [main] DEBUG - Parsing relationship: /xl/_rels/workbook.xml.rels
20:53:49.515 [main] DEBUG - Parsing relationship: /_rels/.rels
20:53:49.544 [main] DEBUG - Save content types part
20:53:49.546 [main] DEBUG - Save package relationships
20:53:49.548 [main] DEBUG - Save part 'docProps/app.xml'
20:53:49.549 [main] DEBUG - Save part 'docProps/core.xml'
20:53:49.551 [main] DEBUG - Save part 'xl/sharedStrings.xml'
20:53:49.552 [main] DEBUG - Save part 'xl/styles.xml'
20:53:49.554 [main] DEBUG - Save part 'xl/workbook.xml'
20:53:49.557 [main] DEBUG - Save part 'xl/worksheets/sheet1.xml'
20:53:49.704 [main] DEBUG - Parsing relationship: /xl/_rels/workbook.xml.rels
20:53:49.704 [main] DEBUG - Parsing relationship: /_rels/.rels
20:53:49.726 [main] DEBUG - Save content types part
20:53:49.728 [main] DEBUG - Save package relationships
20:53:49.730 [main] DEBUG - Save part 'docProps/app.xml'
20:53:49.730 [main] DEBUG - Save part 'docProps/core.xml'
20:53:49.733 [main] DEBUG - Save part 'xl/sharedStrings.xml'
20:53:49.734 [main] DEBUG - Save part 'xl/styles.xml'
20:53:49.734 [main] DEBUG - Save part 'xl/workbook.xml'
20:53:49.737 [main] DEBUG - Save part 'xl/worksheets/sheet1.xml'
20:53:49.806 [main] DEBUG - Parsing relationship: /xl/_rels/workbook.xml.rels
20:53:49.807 [main] DEBUG - Parsing relationship: /_rels/.rels
20:53:49.832 [main] DEBUG - Save content types part
20:53:49.834 [main] DEBUG - Save package relationships
20:53:49.836 [main] DEBUG - Save part 'docProps/app.xml'
20:53:49.837 [main] DEBUG - Save part 'docProps/core.xml'
20:53:49.839 [main] DEBUG - Save part 'xl/sharedStrings.xml'
20:53:49.840 [main] DEBUG - Save part 'xl/styles.xml'
20:53:49.840 [main] DEBUG - Save part 'xl/workbook.xml'
20:53:49.842 [main] DEBUG - Save part 'xl/worksheets/sheet1.xml'
20:53:49.915 [main] DEBUG - Parsing relationship: /xl/_rels/workbook.xml.rels
20:53:49.917 [main] DEBUG - Parsing relationship: /_rels/.rels
20:53:49.952 [main] DEBUG - Save content types part
20:53:49.955 [main] DEBUG - Save package relationships
20:53:49.957 [main] DEBUG - Save part 'docProps/app.xml'
20:53:49.958 [main] DEBUG - Save part 'docProps/core.xml'
20:53:49.960 [main] DEBUG - Save part 'xl/sharedStrings.xml'
20:53:49.961 [main] DEBUG - Save part 'xl/styles.xml'
20:53:49.962 [main] DEBUG - Save part 'xl/workbook.xml'
20:53:49.966 [main] DEBUG - Save part 'xl/worksheets/sheet1.xml'
20:53:50.055 [main] DEBUG - Parsing relationship: /xl/_rels/workbook.xml.rels
20:53:50.057 [main] DEBUG - Parsing relationship: /_rels/.rels
20:53:50.087 [main] DEBUG - Save content types part
20:53:50.091 [main] DEBUG - Save package relationships
20:53:50.093 [main] DEBUG - Save part 'docProps/app.xml'
20:53:50.094 [main] DEBUG - Save part 'docProps/core.xml'
20:53:50.097 [main] DEBUG - Save part 'xl/sharedStrings.xml'
20:53:50.097 [main] DEBUG - Save part 'xl/styles.xml'
20:53:50.098 [main] DEBUG - Save part 'xl/workbook.xml'
20:53:50.100 [main] DEBUG - Save part 'xl/worksheets/sheet1.xml'
20:53:50.180 [main] DEBUG - Parsing relationship: /xl/_rels/workbook.xml.rels
20:53:50.181 [main] DEBUG - Parsing relationship: /_rels/.rels
20:53:50.207 [main] DEBUG - Save content types part
20:53:50.209 [main] DEBUG - Save package relationships
20:53:50.212 [main] DEBUG - Save part 'docProps/app.xml'
20:53:50.212 [main] DEBUG - Save part 'docProps/core.xml'
20:53:50.215 [main] DEBUG - Save part 'xl/sharedStrings.xml'
20:53:50.216 [main] DEBUG - Save part 'xl/styles.xml'
20:53:50.216 [main] DEBUG - Save part 'xl/workbook.xml'
20:53:50.219 [main] DEBUG - Save part 'xl/worksheets/sheet1.xml'
20:53:50.315 [main] DEBUG - Parsing relationship: /xl/_rels/workbook.xml.rels
20:53:50.317 [main] DEBUG - Parsing relationship: /_rels/.rels
20:53:50.364 [main] DEBUG - Save content types part
20:53:50.369 [main] DEBUG - Save package relationships
20:53:50.372 [main] DEBUG - Save part 'docProps/app.xml'
20:53:50.373 [main] DEBUG - Save part 'docProps/core.xml'
20:53:50.376 [main] DEBUG - Save part 'xl/sharedStrings.xml'
20:53:50.377 [main] DEBUG - Save part 'xl/styles.xml'
20:53:50.378 [main] DEBUG - Save part 'xl/workbook.xml'
20:53:50.382 [main] DEBUG - Save part 'xl/worksheets/sheet1.xml'
20:53:50.492 [main] DEBUG - Parsing relationship: /xl/_rels/workbook.xml.rels
20:53:50.493 [main] DEBUG - Parsing relationship: /_rels/.rels
20:53:50.528 [main] DEBUG - Save content types part
20:53:50.532 [main] DEBUG - Save package relationships
20:53:50.535 [main] DEBUG - Save part 'docProps/app.xml'
20:53:50.535 [main] DEBUG - Save part 'docProps/core.xml'
20:53:50.538 [main] DEBUG - Save part 'xl/sharedStrings.xml'
20:53:50.538 [main] DEBUG - Save part 'xl/styles.xml'
20:53:50.538 [main] DEBUG - Save part 'xl/workbook.xml'
20:53:50.541 [main] DEBUG - Save part 'xl/worksheets/sheet1.xml'
20:53:50.633 [main] DEBUG - Parsing relationship: /xl/_rels/workbook.xml.rels
20:53:50.635 [main] DEBUG - Parsing relationship: /_rels/.rels
20:53:50.664 [main] DEBUG - Save content types part
20:53:50.667 [main] DEBUG - Save package relationships
20:53:50.670 [main] DEBUG - Save part 'docProps/app.xml'
20:53:50.670 [main] DEBUG - Save part 'docProps/core.xml'
20:53:50.673 [main] DEBUG - Save part 'xl/sharedStrings.xml'
20:53:50.674 [main] DEBUG - Save part 'xl/styles.xml'
20:53:50.674 [main] DEBUG - Save part 'xl/workbook.xml'
20:53:50.676 [main] DEBUG - Save part 'xl/worksheets/sheet1.xml'
20:53:50.761 [main] DEBUG - Parsing relationship: /xl/_rels/workbook.xml.rels
20:53:50.763 [main] DEBUG - Parsing relationship: /_rels/.rels
20:53:50.804 [main] DEBUG - Save content types part
20:53:50.806 [main] DEBUG - Save package relationships
20:53:50.810 [main] DEBUG - Save part 'docProps/app.xml'
20:53:50.811 [main] DEBUG - Save part 'docProps/core.xml'
20:53:50.815 [main] DEBUG - Save part 'xl/sharedStrings.xml'
20:53:50.816 [main] DEBUG - Save part 'xl/styles.xml'
20:53:50.817 [main] DEBUG - Save part 'xl/workbook.xml'
20:53:50.820 [main] DEBUG - Save part 'xl/worksheets/sheet1.xml'
20:53:50.909 [main] DEBUG - Parsing relationship: /xl/_rels/workbook.xml.rels
20:53:50.911 [main] DEBUG - Parsing relationship: /_rels/.rels
20:53:50.949 [main] DEBUG - Save content types part
20:53:50.954 [main] DEBUG - Save package relationships
20:53:50.957 [main] DEBUG - Save part 'docProps/app.xml'
20:53:50.958 [main] DEBUG - Save part 'docProps/core.xml'
20:53:50.961 [main] DEBUG - Save part 'xl/sharedStrings.xml'
20:53:50.962 [main] DEBUG - Save part 'xl/styles.xml'
20:53:50.962 [main] DEBUG - Save part 'xl/workbook.xml'
20:53:50.966 [main] DEBUG - Save part 'xl/worksheets/sheet1.xml'
20:53:51.066 [main] DEBUG - Parsing relationship: /xl/_rels/workbook.xml.rels
20:53:51.068 [main] DEBUG - Parsing relationship: /_rels/.rels
20:53:51.115 [main] DEBUG - Save content types part
20:53:51.120 [main] DEBUG - Save package relationships
20:53:51.124 [main] DEBUG - Save part 'docProps/app.xml'
20:53:51.125 [main] DEBUG - Save part 'docProps/core.xml'
20:53:51.130 [main] DEBUG - Save part 'xl/sharedStrings.xml'
20:53:51.130 [main] DEBUG - Save part 'xl/styles.xml'
20:53:51.131 [main] DEBUG - Save part 'xl/workbook.xml'
20:53:51.136 [main] DEBUG - Save part 'xl/worksheets/sheet1.xml'
20:56:06.869 [main] TRACE - Loading type system org.apache.poi.schemas.ooxml.system.ooxml
20:56:06.877 [main] TRACE - Loading type system org.apache.xmlbeans.metadata.system.sXMLCONFIG
20:56:06.877 [main] TRACE - Loading type system org.apache.xmlbeans.metadata.system.sXMLLANG
20:56:06.878 [main] TRACE - Loading type system org.apache.xmlbeans.metadata.system.sXMLSCHEMA
20:56:06.879 [main] TRACE - Loading type system org.apache.xmlbeans.metadata.system.sXMLTOOLS
20:56:06.880 [main] TRACE - Reading unresolved handles for type system org.apache.xmlbeans.metadata.system.sXMLTOOLS
20:56:06.892 [main] TRACE - Finished loading type system org.apache.xmlbeans.metadata.system.sXMLTOOLS
20:56:06.893 [main] TRACE - Reading unresolved handles for type system org.apache.xmlbeans.metadata.system.sXMLSCHEMA
20:56:06.899 [main] TRACE - Finished loading type system org.apache.xmlbeans.metadata.system.sXMLSCHEMA
20:56:06.901 [main] TRACE - Reading unresolved handles for type system org.apache.xmlbeans.metadata.system.sXMLLANG
20:56:06.902 [main] TRACE - Finished loading type system org.apache.xmlbeans.metadata.system.sXMLLANG
20:56:06.903 [main] TRACE - Reading unresolved handles for type system org.apache.xmlbeans.metadata.system.sXMLCONFIG
20:56:06.904 [main] TRACE - Finished loading type system org.apache.xmlbeans.metadata.system.sXMLCONFIG
20:56:06.904 [main] TRACE - Reading unresolved handles for type system org.apache.poi.schemas.ooxml.system.ooxml
20:56:06.980 [main] TRACE - Finished loading type system org.apache.poi.schemas.ooxml.system.ooxml
20:56:06.982 [main] TRACE - Resolving type for handle ctworkbook83c3type
20:56:07.048 [main] TRACE - Resolving type for handle ctworkbookpr03a5type
20:56:07.060 [main] TRACE - Resolving type for handle ctbookviewsb864type
20:56:07.064 [main] TRACE - Resolving type for handle ctbookviewf677type
20:56:07.080 [main] TRACE - Resolving type for handle ctsheets49fdtype
20:56:07.086 [main] TRACE - Resolving type for handle propertiesee84doctype
20:56:07.089 [main] TRACE - Resolving type for handle ctproperties3f10type
20:56:07.099 [main] TRACE - Resolving type for handle properties288cdoctype
20:56:07.101 [main] TRACE - Resolving type for handle ctproperties2c18type
20:56:07.107 [main] TRACE - Resolving type for handle sstf81fdoctype
20:56:07.109 [main] TRACE - Resolving type for handle ctsst44f3type
20:56:07.113 [main] TRACE - Resolving type for handle stylesheet5d8bdoctype
20:56:07.115 [main] TRACE - Resolving type for handle ctstylesheet4257type
20:56:07.118 [main] TRACE - Resolving type for handle ctfont14d8type
20:56:07.124 [main] TRACE - Resolving type for handle ctfontsizeb3b9type
20:56:07.129 [main] TRACE - Resolving type for handle ctcolord2c2type
20:56:07.133 [main] TRACE - Resolving type for handle ctfontname2dc3type
20:56:07.135 [main] TRACE - Resolving type for handle stxstringf179type
20:56:07.138 [main] TRACE - Resolving type for handle ctfontfamily685ctype
20:56:07.140 [main] TRACE - Resolving type for handle stfontfamily9c6ctype
20:56:07.143 [main] TRACE - Resolving type for handle ctfontschemebf5dtype
20:56:07.147 [main] TRACE - Resolving type for handle stfontschemef36dtype
20:56:07.151 [main] TRACE - Resolving type for handle ctfill550ctype
20:56:07.153 [main] TRACE - Resolving type for handle ctpatternfill7452type
20:56:07.157 [main] TRACE - Resolving type for handle stpatterntype7939type
20:56:07.160 [main] TRACE - Resolving type for handle ctborderf935type
20:56:07.164 [main] TRACE - Resolving type for handle ctborderpre497type
20:56:07.170 [main] TRACE - Resolving type for handle ctxf97f7type
20:56:07.173 [main] TRACE - Resolving type for handle stnumfmtid76fbtype
20:56:07.175 [main] TRACE - Resolving type for handle stfontid9d63type
20:56:07.176 [main] TRACE - Resolving type for handle stfillida097type
20:56:07.179 [main] TRACE - Resolving type for handle stborderid1a80type
20:56:07.182 [main] TRACE - Resolving type for handle stcellstylexfid70c7type
20:56:07.189 [main] TRACE - Resolving type for handle ctsheet4dbetype
20:56:07.200 [main] TRACE - Resolving type for handle ctworksheet530dtype
20:56:07.208 [main] TRACE - Resolving type for handle ctsheetformatprdef7type
20:56:07.216 [main] TRACE - Resolving type for handle ctsheetviewsb918type
20:56:07.219 [main] TRACE - Resolving type for handle ctsheetview0f43type
20:56:07.230 [main] TRACE - Resolving type for handle ctsheetdimensiond310type
20:56:07.235 [main] TRACE - Resolving type for handle stref90a2type
20:56:07.238 [main] TRACE - Resolving type for handle ctsheetdata8408type
20:56:07.250 [main] TRACE - Resolving type for handle ctpagemargins5455type
20:56:07.265 [main] TRACE - Resolving type for handle ctcols627ctype
20:56:07.269 [main] TRACE - Resolving type for handle strelationshipid1e94type
20:56:07.272 [main] TRACE - Resolving type for handle ctbooleanproperty1f3ctype
20:56:07.282 [main] TRACE - Resolving type for handle ctrowdd39type
20:56:07.302 [main] TRACE - Resolving type for handle ctcell842btype
20:56:07.318 [main] TRACE - Resolving type for handle stcellrefe4e0type
20:56:07.323 [main] TRACE - Resolving type for handle ctrsta472type
20:56:07.328 [main] TRACE - Resolving type for handle stcelltypebf95type
20:56:07.366 [main] TRACE - Resolving type for handle ctnumfmtsb58btype
20:56:07.370 [main] TRACE - Resolving type for handle ctfonts6623type
20:56:07.376 [main] TRACE - Resolving type for handle ctfills2c6ftype
20:56:07.381 [main] TRACE - Resolving type for handle ctborders0d66type
20:56:07.386 [main] TRACE - Resolving type for handle ctcellxfs1322type
20:56:07.391 [main] TRACE - Resolving type for handle ctcellstylexfsa81ftype
20:56:07.427 [main] DEBUG - Save core properties part
20:56:07.427 [main] DEBUG - Save content types part
20:56:07.579 [main] DEBUG - Save package relationships
20:56:07.596 [main] DEBUG - Save part 'docProps/app.xml'
20:56:07.612 [main] DEBUG - Save part 'docProps/core.xml'
20:56:07.669 [main] DEBUG - Save part 'xl/sharedStrings.xml'
20:56:07.670 [main] DEBUG - Save part 'xl/styles.xml'
20:56:07.670 [main] DEBUG - Save part 'xl/workbook.xml'
20:56:07.674 [main] DEBUG - Save part 'xl/worksheets/sheet1.xml'
20:56:07.681 [main] DEBUG - Save content types part
20:56:07.685 [main] DEBUG - Save package relationships
20:56:07.688 [main] DEBUG - Save part 'docProps/app.xml'
20:56:07.689 [main] DEBUG - Save part 'docProps/core.xml'
20:56:07.691 [main] DEBUG - Save part 'xl/sharedStrings.xml'
20:56:07.692 [main] DEBUG - Save part 'xl/styles.xml'
20:56:07.693 [main] DEBUG - Save part 'xl/workbook.xml'
20:56:07.696 [main] DEBUG - Save part 'xl/worksheets/sheet1.xml'
20:58:56.547 [main] TRACE - Loading type system org.apache.poi.schemas.ooxml.system.ooxml
20:58:56.561 [main] TRACE - Loading type system org.apache.xmlbeans.metadata.system.sXMLCONFIG
20:58:56.562 [main] TRACE - Loading type system org.apache.xmlbeans.metadata.system.sXMLLANG
20:58:56.563 [main] TRACE - Loading type system org.apache.xmlbeans.metadata.system.sXMLSCHEMA
20:58:56.563 [main] TRACE - Loading type system org.apache.xmlbeans.metadata.system.sXMLTOOLS
20:58:56.565 [main] TRACE - Reading unresolved handles for type system org.apache.xmlbeans.metadata.system.sXMLTOOLS
20:58:56.584 [main] TRACE - Finished loading type system org.apache.xmlbeans.metadata.system.sXMLTOOLS
20:58:56.586 [main] TRACE - Reading unresolved handles for type system org.apache.xmlbeans.metadata.system.sXMLSCHEMA
20:58:56.595 [main] TRACE - Finished loading type system org.apache.xmlbeans.metadata.system.sXMLSCHEMA
20:58:56.598 [main] TRACE - Reading unresolved handles for type system org.apache.xmlbeans.metadata.system.sXMLLANG
20:58:56.599 [main] TRACE - Finished loading type system org.apache.xmlbeans.metadata.system.sXMLLANG
20:58:56.601 [main] TRACE - Reading unresolved handles for type system org.apache.xmlbeans.metadata.system.sXMLCONFIG
20:58:56.602 [main] TRACE - Finished loading type system org.apache.xmlbeans.metadata.system.sXMLCONFIG
20:58:56.603 [main] TRACE - Reading unresolved handles for type system org.apache.poi.schemas.ooxml.system.ooxml
20:58:56.707 [main] TRACE - Finished loading type system org.apache.poi.schemas.ooxml.system.ooxml
20:58:56.709 [main] TRACE - Resolving type for handle ctworkbook83c3type
20:58:56.820 [main] TRACE - Resolving type for handle ctworkbookpr03a5type
20:58:56.837 [main] TRACE - Resolving type for handle ctbookviewsb864type
20:58:56.841 [main] TRACE - Resolving type for handle ctbookviewf677type
20:58:56.861 [main] TRACE - Resolving type for handle ctsheets49fdtype
20:58:56.867 [main] TRACE - Resolving type for handle propertiesee84doctype
20:58:56.871 [main] TRACE - Resolving type for handle ctproperties3f10type
20:58:56.885 [main] TRACE - Resolving type for handle properties288cdoctype
20:58:56.889 [main] TRACE - Resolving type for handle ctproperties2c18type
20:58:56.904 [main] TRACE - Resolving type for handle sstf81fdoctype
20:58:56.907 [main] TRACE - Resolving type for handle ctsst44f3type
20:58:56.916 [main] TRACE - Resolving type for handle stylesheet5d8bdoctype
20:58:56.920 [main] TRACE - Resolving type for handle ctstylesheet4257type
20:58:56.927 [main] TRACE - Resolving type for handle ctfont14d8type
20:58:56.943 [main] TRACE - Resolving type for handle ctfontsizeb3b9type
20:58:56.952 [main] TRACE - Resolving type for handle ctcolord2c2type
20:58:56.959 [main] TRACE - Resolving type for handle ctfontname2dc3type
20:58:56.964 [main] TRACE - Resolving type for handle stxstringf179type
20:58:56.972 [main] TRACE - Resolving type for handle ctfontfamily685ctype
20:58:56.978 [main] TRACE - Resolving type for handle stfontfamily9c6ctype
20:58:56.990 [main] TRACE - Resolving type for handle ctfontschemebf5dtype
20:58:56.998 [main] TRACE - Resolving type for handle stfontschemef36dtype
20:58:57.013 [main] TRACE - Resolving type for handle ctfill550ctype
20:58:57.017 [main] TRACE - Resolving type for handle ctpatternfill7452type
20:58:57.028 [main] TRACE - Resolving type for handle stpatterntype7939type
20:58:57.038 [main] TRACE - Resolving type for handle ctborderf935type
20:58:57.046 [main] TRACE - Resolving type for handle ctborderpre497type
20:58:57.062 [main] TRACE - Resolving type for handle ctxf97f7type
20:58:57.072 [main] TRACE - Resolving type for handle stnumfmtid76fbtype
20:58:57.077 [main] TRACE - Resolving type for handle stfontid9d63type
20:58:57.085 [main] TRACE - Resolving type for handle stfillida097type
20:58:57.090 [main] TRACE - Resolving type for handle stborderid1a80type
20:58:57.096 [main] TRACE - Resolving type for handle stcellstylexfid70c7type
20:58:57.116 [main] TRACE - Resolving type for handle ctsheet4dbetype
20:58:57.131 [main] TRACE - Resolving type for handle ctworksheet530dtype
20:58:57.160 [main] TRACE - Resolving type for handle ctsheetformatprdef7type
20:58:57.178 [main] TRACE - Resolving type for handle ctsheetviewsb918type
20:58:57.186 [main] TRACE - Resolving type for handle ctsheetview0f43type
20:58:57.203 [main] TRACE - Resolving type for handle ctsheetdimensiond310type
20:58:57.209 [main] TRACE - Resolving type for handle stref90a2type
20:58:57.212 [main] TRACE - Resolving type for handle ctsheetdata8408type
20:58:57.218 [main] TRACE - Resolving type for handle ctpagemargins5455type
20:58:57.236 [main] TRACE - Resolving type for handle ctcols627ctype
20:58:57.245 [main] TRACE - Resolving type for handle strelationshipid1e94type
20:58:57.252 [main] TRACE - Resolving type for handle ctbooleanproperty1f3ctype
20:58:57.263 [main] TRACE - Resolving type for handle ctrowdd39type
20:58:57.286 [main] TRACE - Resolving type for handle ctcell842btype
20:58:57.315 [main] TRACE - Resolving type for handle stcellrefe4e0type
20:58:57.328 [main] TRACE - Resolving type for handle ctrsta472type
20:58:57.344 [main] TRACE - Resolving type for handle stcelltypebf95type
20:58:57.442 [main] TRACE - Resolving type for handle ctnumfmtsb58btype
20:58:57.448 [main] TRACE - Resolving type for handle ctfonts6623type
20:58:57.465 [main] TRACE - Resolving type for handle ctfills2c6ftype
20:58:57.477 [main] TRACE - Resolving type for handle ctborders0d66type
20:58:57.487 [main] TRACE - Resolving type for handle ctcellxfs1322type
20:58:57.495 [main] TRACE - Resolving type for handle ctcellstylexfsa81ftype
20:58:57.579 [main] DEBUG - Save core properties part
20:58:57.580 [main] DEBUG - Save content types part
20:58:57.893 [main] DEBUG - Save package relationships
20:58:57.914 [main] DEBUG - Save part 'docProps/app.xml'
20:58:57.930 [main] DEBUG - Save part 'docProps/core.xml'
20:58:57.950 [main] DEBUG - Save part 'xl/sharedStrings.xml'
20:58:57.952 [main] DEBUG - Save part 'xl/styles.xml'
20:58:57.953 [main] DEBUG - Save part 'xl/workbook.xml'
20:58:57.959 [main] DEBUG - Save part 'xl/worksheets/sheet1.xml'
20:58:57.968 [main] DEBUG - Save content types part
20:58:57.972 [main] DEBUG - Save package relationships
20:58:57.975 [main] DEBUG - Save part 'docProps/app.xml'
20:58:57.977 [main] DEBUG - Save part 'docProps/core.xml'
20:58:57.981 [main] DEBUG - Save part 'xl/sharedStrings.xml'
20:58:57.982 [main] DEBUG - Save part 'xl/styles.xml'
20:58:57.982 [main] DEBUG - Save part 'xl/workbook.xml'
20:58:57.988 [main] DEBUG - Save part 'xl/worksheets/sheet1.xml'
20:59:01.049 [main] INFO  - **********Verify 
21:00:58.686 [main] TRACE - Loading type system org.apache.poi.schemas.ooxml.system.ooxml
21:00:58.693 [main] TRACE - Loading type system org.apache.xmlbeans.metadata.system.sXMLCONFIG
21:00:58.694 [main] TRACE - Loading type system org.apache.xmlbeans.metadata.system.sXMLLANG
21:00:58.695 [main] TRACE - Loading type system org.apache.xmlbeans.metadata.system.sXMLSCHEMA
21:00:58.695 [main] TRACE - Loading type system org.apache.xmlbeans.metadata.system.sXMLTOOLS
21:00:58.698 [main] TRACE - Reading unresolved handles for type system org.apache.xmlbeans.metadata.system.sXMLTOOLS
21:00:58.714 [main] TRACE - Finished loading type system org.apache.xmlbeans.metadata.system.sXMLTOOLS
21:00:58.715 [main] TRACE - Reading unresolved handles for type system org.apache.xmlbeans.metadata.system.sXMLSCHEMA
21:00:58.720 [main] TRACE - Finished loading type system org.apache.xmlbeans.metadata.system.sXMLSCHEMA
21:00:58.722 [main] TRACE - Reading unresolved handles for type system org.apache.xmlbeans.metadata.system.sXMLLANG
21:00:58.723 [main] TRACE - Finished loading type system org.apache.xmlbeans.metadata.system.sXMLLANG
21:00:58.725 [main] TRACE - Reading unresolved handles for type system org.apache.xmlbeans.metadata.system.sXMLCONFIG
21:00:58.726 [main] TRACE - Finished loading type system org.apache.xmlbeans.metadata.system.sXMLCONFIG
21:00:58.728 [main] TRACE - Reading unresolved handles for type system org.apache.poi.schemas.ooxml.system.ooxml
21:00:58.814 [main] TRACE - Finished loading type system org.apache.poi.schemas.ooxml.system.ooxml
21:00:58.816 [main] TRACE - Resolving type for handle ctworkbook83c3type
21:00:58.874 [main] TRACE - Resolving type for handle ctworkbookpr03a5type
21:00:58.886 [main] TRACE - Resolving type for handle ctbookviewsb864type
21:00:58.888 [main] TRACE - Resolving type for handle ctbookviewf677type
21:00:58.897 [main] TRACE - Resolving type for handle ctsheets49fdtype
21:00:58.902 [main] TRACE - Resolving type for handle propertiesee84doctype
21:00:58.904 [main] TRACE - Resolving type for handle ctproperties3f10type
21:00:58.913 [main] TRACE - Resolving type for handle properties288cdoctype
21:00:58.916 [main] TRACE - Resolving type for handle ctproperties2c18type
21:00:58.931 [main] TRACE - Resolving type for handle sstf81fdoctype
21:00:58.933 [main] TRACE - Resolving type for handle ctsst44f3type
21:00:58.944 [main] TRACE - Resolving type for handle stylesheet5d8bdoctype
21:00:58.947 [main] TRACE - Resolving type for handle ctstylesheet4257type
21:00:58.953 [main] TRACE - Resolving type for handle ctfont14d8type
21:00:58.963 [main] TRACE - Resolving type for handle ctfontsizeb3b9type
21:00:58.969 [main] TRACE - Resolving type for handle ctcolord2c2type
21:00:58.974 [main] TRACE - Resolving type for handle ctfontname2dc3type
21:00:58.977 [main] TRACE - Resolving type for handle stxstringf179type
21:00:58.982 [main] TRACE - Resolving type for handle ctfontfamily685ctype
21:00:58.985 [main] TRACE - Resolving type for handle stfontfamily9c6ctype
21:00:58.993 [main] TRACE - Resolving type for handle ctfontschemebf5dtype
21:00:58.997 [main] TRACE - Resolving type for handle stfontschemef36dtype
21:00:59.004 [main] TRACE - Resolving type for handle ctfill550ctype
21:00:59.008 [main] TRACE - Resolving type for handle ctpatternfill7452type
21:00:59.014 [main] TRACE - Resolving type for handle stpatterntype7939type
21:00:59.020 [main] TRACE - Resolving type for handle ctborderf935type
21:00:59.024 [main] TRACE - Resolving type for handle ctborderpre497type
21:00:59.032 [main] TRACE - Resolving type for handle ctxf97f7type
21:00:59.046 [main] TRACE - Resolving type for handle stnumfmtid76fbtype
21:00:59.050 [main] TRACE - Resolving type for handle stfontid9d63type
21:00:59.054 [main] TRACE - Resolving type for handle stfillida097type
21:00:59.058 [main] TRACE - Resolving type for handle stborderid1a80type
21:00:59.062 [main] TRACE - Resolving type for handle stcellstylexfid70c7type
21:00:59.073 [main] TRACE - Resolving type for handle ctsheet4dbetype
21:00:59.086 [main] TRACE - Resolving type for handle ctworksheet530dtype
21:00:59.097 [main] TRACE - Resolving type for handle ctsheetformatprdef7type
21:00:59.106 [main] TRACE - Resolving type for handle ctsheetviewsb918type
21:00:59.111 [main] TRACE - Resolving type for handle ctsheetview0f43type
21:00:59.120 [main] TRACE - Resolving type for handle ctsheetdimensiond310type
21:00:59.124 [main] TRACE - Resolving type for handle stref90a2type
21:00:59.128 [main] TRACE - Resolving type for handle ctsheetdata8408type
21:00:59.131 [main] TRACE - Resolving type for handle ctpagemargins5455type
21:00:59.140 [main] TRACE - Resolving type for handle ctcols627ctype
21:00:59.145 [main] TRACE - Resolving type for handle strelationshipid1e94type
21:00:59.148 [main] TRACE - Resolving type for handle ctbooleanproperty1f3ctype
21:00:59.157 [main] TRACE - Resolving type for handle ctrowdd39type
21:00:59.170 [main] TRACE - Resolving type for handle ctcell842btype
21:00:59.187 [main] TRACE - Resolving type for handle stcellrefe4e0type
21:00:59.194 [main] TRACE - Resolving type for handle ctrsta472type
21:00:59.200 [main] TRACE - Resolving type for handle stcelltypebf95type
21:00:59.243 [main] TRACE - Resolving type for handle ctnumfmtsb58btype
21:00:59.249 [main] TRACE - Resolving type for handle ctfonts6623type
21:00:59.254 [main] TRACE - Resolving type for handle ctfills2c6ftype
21:00:59.258 [main] TRACE - Resolving type for handle ctborders0d66type
21:00:59.261 [main] TRACE - Resolving type for handle ctcellxfs1322type
21:00:59.266 [main] TRACE - Resolving type for handle ctcellstylexfsa81ftype
21:00:59.293 [main] DEBUG - Save core properties part
21:00:59.293 [main] DEBUG - Save content types part
21:00:59.507 [main] DEBUG - Save package relationships
21:00:59.539 [main] DEBUG - Save part 'docProps/app.xml'
21:00:59.553 [main] DEBUG - Save part 'docProps/core.xml'
21:00:59.575 [main] DEBUG - Save part 'xl/sharedStrings.xml'
21:00:59.576 [main] DEBUG - Save part 'xl/styles.xml'
21:00:59.577 [main] DEBUG - Save part 'xl/workbook.xml'
21:00:59.584 [main] DEBUG - Save part 'xl/worksheets/sheet1.xml'
21:00:59.591 [main] DEBUG - Save content types part
21:00:59.595 [main] DEBUG - Save package relationships
21:00:59.598 [main] DEBUG - Save part 'docProps/app.xml'
21:00:59.599 [main] DEBUG - Save part 'docProps/core.xml'
21:00:59.602 [main] DEBUG - Save part 'xl/sharedStrings.xml'
21:00:59.603 [main] DEBUG - Save part 'xl/styles.xml'
21:00:59.603 [main] DEBUG - Save part 'xl/workbook.xml'
21:00:59.607 [main] DEBUG - Save part 'xl/worksheets/sheet1.xml'
21:01:03.622 [main] INFO  - **********Verify 
21:03:25.262 [main] TRACE - Loading type system org.apache.poi.schemas.ooxml.system.ooxml
21:03:25.268 [main] TRACE - Loading type system org.apache.xmlbeans.metadata.system.sXMLCONFIG
21:03:25.269 [main] TRACE - Loading type system org.apache.xmlbeans.metadata.system.sXMLLANG
21:03:25.270 [main] TRACE - Loading type system org.apache.xmlbeans.metadata.system.sXMLSCHEMA
21:03:25.271 [main] TRACE - Loading type system org.apache.xmlbeans.metadata.system.sXMLTOOLS
21:03:25.272 [main] TRACE - Reading unresolved handles for type system org.apache.xmlbeans.metadata.system.sXMLTOOLS
21:03:25.287 [main] TRACE - Finished loading type system org.apache.xmlbeans.metadata.system.sXMLTOOLS
21:03:25.288 [main] TRACE - Reading unresolved handles for type system org.apache.xmlbeans.metadata.system.sXMLSCHEMA
21:03:25.295 [main] TRACE - Finished loading type system org.apache.xmlbeans.metadata.system.sXMLSCHEMA
21:03:25.297 [main] TRACE - Reading unresolved handles for type system org.apache.xmlbeans.metadata.system.sXMLLANG
21:03:25.299 [main] TRACE - Finished loading type system org.apache.xmlbeans.metadata.system.sXMLLANG
21:03:25.300 [main] TRACE - Reading unresolved handles for type system org.apache.xmlbeans.metadata.system.sXMLCONFIG
21:03:25.301 [main] TRACE - Finished loading type system org.apache.xmlbeans.metadata.system.sXMLCONFIG
21:03:25.307 [main] TRACE - Reading unresolved handles for type system org.apache.poi.schemas.ooxml.system.ooxml
21:03:25.389 [main] TRACE - Finished loading type system org.apache.poi.schemas.ooxml.system.ooxml
21:03:25.391 [main] TRACE - Resolving type for handle ctworkbook83c3type
21:03:25.489 [main] TRACE - Resolving type for handle ctworkbookpr03a5type
21:03:25.504 [main] TRACE - Resolving type for handle ctbookviewsb864type
21:03:25.508 [main] TRACE - Resolving type for handle ctbookviewf677type
21:03:25.521 [main] TRACE - Resolving type for handle ctsheets49fdtype
21:03:25.525 [main] TRACE - Resolving type for handle propertiesee84doctype
21:03:25.529 [main] TRACE - Resolving type for handle ctproperties3f10type
21:03:25.537 [main] TRACE - Resolving type for handle properties288cdoctype
21:03:25.539 [main] TRACE - Resolving type for handle ctproperties2c18type
21:03:25.548 [main] TRACE - Resolving type for handle sstf81fdoctype
21:03:25.550 [main] TRACE - Resolving type for handle ctsst44f3type
21:03:25.557 [main] TRACE - Resolving type for handle stylesheet5d8bdoctype
21:03:25.560 [main] TRACE - Resolving type for handle ctstylesheet4257type
21:03:25.565 [main] TRACE - Resolving type for handle ctfont14d8type
21:03:25.575 [main] TRACE - Resolving type for handle ctfontsizeb3b9type
21:03:25.583 [main] TRACE - Resolving type for handle ctcolord2c2type
21:03:25.590 [main] TRACE - Resolving type for handle ctfontname2dc3type
21:03:25.596 [main] TRACE - Resolving type for handle stxstringf179type
21:03:25.606 [main] TRACE - Resolving type for handle ctfontfamily685ctype
21:03:25.615 [main] TRACE - Resolving type for handle stfontfamily9c6ctype
21:03:25.624 [main] TRACE - Resolving type for handle ctfontschemebf5dtype
21:03:25.632 [main] TRACE - Resolving type for handle stfontschemef36dtype
21:03:25.646 [main] TRACE - Resolving type for handle ctfill550ctype
21:03:25.654 [main] TRACE - Resolving type for handle ctpatternfill7452type
21:03:25.666 [main] TRACE - Resolving type for handle stpatterntype7939type
21:03:25.678 [main] TRACE - Resolving type for handle ctborderf935type
21:03:25.685 [main] TRACE - Resolving type for handle ctborderpre497type
21:03:25.707 [main] TRACE - Resolving type for handle ctxf97f7type
21:03:25.717 [main] TRACE - Resolving type for handle stnumfmtid76fbtype
21:03:25.728 [main] TRACE - Resolving type for handle stfontid9d63type
21:03:25.737 [main] TRACE - Resolving type for handle stfillida097type
21:03:25.744 [main] TRACE - Resolving type for handle stborderid1a80type
21:03:25.751 [main] TRACE - Resolving type for handle stcellstylexfid70c7type
21:03:25.769 [main] TRACE - Resolving type for handle ctsheet4dbetype
21:03:25.792 [main] TRACE - Resolving type for handle ctworksheet530dtype
21:03:25.807 [main] TRACE - Resolving type for handle ctsheetformatprdef7type
21:03:25.831 [main] TRACE - Resolving type for handle ctsheetviewsb918type
21:03:25.846 [main] TRACE - Resolving type for handle ctsheetview0f43type
21:03:25.869 [main] TRACE - Resolving type for handle ctsheetdimensiond310type
21:03:25.878 [main] TRACE - Resolving type for handle stref90a2type
