18:33:39.788 [main] INFO  - ************ verify the health insurance page is displayed *************** 
18:33:40.109 [main] INFO  - ************ hover the health insurance menu *************** 
18:33:40.606 [main] INFO  - ************ Retrieve all the sub menus successfully *************** 
18:47:16.597 [main] INFO  - ************ Navigate to travel insurance page *************** 
18:47:20.026 [main] INFO  - ************ Click on Any destination country *************** 
18:47:23.543 [main] INFO  - ************ click on next page to navigate date page *************** 
18:47:24.160 [main] INFO  - ************ choose the date and click on next *************** 
18:47:29.274 [main] INFO  - ************ Select number of traveller and age and click on next *************** 
18:47:37.976 [main] INFO  - ************ Choose the medical history details *************** 
18:47:38.882 [main] INFO  - ************ The plan page is visible *************** 
18:47:48.298 [main] INFO  - ************ The premium low to hign is select *************** 
18:48:03.837 [main] INFO  - ************ The lowest international travel plan is displayed *************** 
18:48:16.725 [main] INFO  - ********** Navigate to car insurance page **************** 
18:48:19.999 [main] INFO  - ************ Proceed without providing car number *************** 
18:48:23.361 [main] INFO  - ************ Select city and RTO number *************** 
18:48:29.734 [main] INFO  - ************ Select car brand *************** 
18:48:32.996 [main] INFO  - ************ Select car model *************** 
18:48:36.217 [main] INFO  - ************ Select car varient *************** 
18:48:39.446 [main] INFO  - ************ Verify the user details page is displayed *************** 
18:48:39.693 [main] INFO  - ************ Fill the invalid phone number or email *************** 
18:48:56.724 [main] INFO  - ************ Click insurance products menu *************** 
18:48:57.355 [main] INFO  - ************ Navigate to Health insurance page *************** 
18:48:58.724 [main] INFO  - ************ verify the health insurance page is displayed *************** 
18:48:59.036 [main] INFO  - ************ hover the health insurance menu *************** 
18:48:59.474 [main] INFO  - ************ Retrieve all the sub menus successfully *************** 
18:50:01.350 [main] INFO  - ************ Navigate to travel insurance page *************** 
18:50:03.560 [main] INFO  - ************ Click on Any destination country *************** 
18:50:06.866 [main] INFO  - ************ click on next page to navigate date page *************** 
18:50:07.203 [main] INFO  - ************ choose the date and click on next *************** 
18:50:11.298 [main] INFO  - ************ Select number of traveller and age and click on next *************** 
18:50:18.428 [main] INFO  - ************ Choose the medical history details *************** 
18:50:18.799 [main] INFO  - ************ The plan page is visible *************** 
18:50:29.217 [main] INFO  - ************ The premium low to hign is select *************** 
18:50:44.750 [main] INFO  - ************ The lowest international travel plan is displayed *************** 
18:51:00.501 [main] INFO  - ********** Navigate to car insurance page **************** 
18:51:03.768 [main] INFO  - ************ Proceed without providing car number *************** 
18:51:07.096 [main] INFO  - ************ Select city and RTO number *************** 
18:51:13.496 [main] INFO  - ************ Select car brand *************** 
18:51:16.756 [main] INFO  - ************ Select car model *************** 
18:51:19.980 [main] INFO  - ************ Select car varient *************** 
18:51:23.227 [main] INFO  - ************ Verify the user details page is displayed *************** 
18:51:23.423 [main] INFO  - ************ Fill the invalid phone number or email *************** 
18:51:40.761 [main] INFO  - ************ Click insurance products menu *************** 
18:51:41.392 [main] INFO  - ************ Navigate to Health insurance page *************** 
18:51:42.890 [main] INFO  - ************ verify the health insurance page is displayed *************** 
18:51:43.128 [main] INFO  - ************ hover the health insurance menu *************** 
18:51:43.515 [main] INFO  - ************ Retrieve all the sub menus successfully *************** 
19:05:23.224 [main] INFO  - ************ Navigate to travel insurance page *************** 
19:05:25.580 [main] INFO  - ************ Click on Any destination country *************** 
19:05:28.864 [main] INFO  - ************ click on next page to navigate date page *************** 
19:05:29.255 [main] INFO  - ************ choose the date and click on next *************** 
19:05:33.346 [main] INFO  - ************ Select number of traveller and age and click on next *************** 
19:05:40.486 [main] INFO  - ************ Choose the medical history details *************** 
19:05:40.857 [main] INFO  - ************ The plan page is visible *************** 
19:05:51.834 [main] INFO  - ************ The premium low to hign is select *************** 
19:06:07.400 [main] INFO  - ************ The lowest international travel plan is displayed *************** 
19:06:19.814 [main] INFO  - ********** Navigate to car insurance page **************** 
19:06:23.055 [main] INFO  - ************ Proceed without providing car number *************** 
19:06:26.422 [main] INFO  - ************ Select city and RTO number *************** 
19:06:32.865 [main] INFO  - ************ Select car brand *************** 
19:06:36.102 [main] INFO  - ************ Select car model *************** 
19:06:39.324 [main] INFO  - ************ Select car varient *************** 
19:06:42.632 [main] INFO  - ************ Verify the user details page is displayed *************** 
19:06:42.839 [main] INFO  - ************ Fill the invalid phone number or email *************** 
19:06:58.409 [main] INFO  - ************ Click insurance products menu *************** 
19:06:59.101 [main] INFO  - ************ Navigate to Health insurance page *************** 
19:07:00.475 [main] INFO  - ************ verify the health insurance page is displayed *************** 
19:07:00.733 [main] INFO  - ************ hover the health insurance menu *************** 
19:07:01.223 [main] INFO  - ************ Retrieve all the sub menus successfully *************** 
19:11:52.120 [main] INFO  - ************ Navigate to travel insurance page *************** 
19:11:54.216 [main] INFO  - ************ Click on Any destination country *************** 
19:11:57.492 [main] INFO  - ************ click on next page to navigate date page *************** 
19:11:57.825 [main] INFO  - ************ choose the date and click on next *************** 
19:12:01.862 [main] INFO  - ************ Select number of traveller and age and click on next *************** 
19:12:08.887 [main] INFO  - ************ Choose the medical history details *************** 
19:12:09.261 [main] INFO  - ************ The plan page is visible *************** 
19:12:18.684 [main] INFO  - ************ The premium low to hign is select *************** 
19:12:34.226 [main] INFO  - ************ The lowest international travel plan is displayed *************** 
19:12:44.435 [main] INFO  - ********** Navigate to car insurance page **************** 
19:12:47.763 [main] INFO  - ************ Proceed without providing car number *************** 
19:12:51.093 [main] INFO  - ************ Select city and RTO number *************** 
19:12:57.484 [main] INFO  - ************ Select car brand *************** 
19:13:00.736 [main] INFO  - ************ Select car model *************** 
19:13:03.967 [main] INFO  - ************ Select car varient *************** 
19:13:07.192 [main] INFO  - ************ Verify the user details page is displayed *************** 
19:13:07.379 [main] INFO  - ************ Fill the invalid phone number or email *************** 
19:13:22.690 [main] INFO  - ************ Click insurance products menu *************** 
19:13:23.294 [main] INFO  - ************ Navigate to Health insurance page *************** 
19:13:24.716 [main] INFO  - ************ verify the health insurance page is displayed *************** 
19:13:25.082 [main] INFO  - ************ hover the health insurance menu *************** 
19:13:25.610 [main] INFO  - ************ Retrieve all the sub menus successfully *************** 
10:46:33.982 [main] INFO  - ************ Navigate to travel insurance page *************** 
10:47:09.976 [main] INFO  - ************ Click on Any destination country *************** 
10:47:13.419 [main] INFO  - ************ click on next page to navigate date page *************** 
10:47:14.131 [main] INFO  - ************ choose the date and click on next *************** 
10:47:19.219 [main] INFO  - ************ Select number of traveller and age and click on next *************** 
10:47:26.946 [main] INFO  - ************ Choose the medical history details *************** 
10:47:27.554 [main] INFO  - ************ The plan page is visible *************** 
10:47:39.773 [main] INFO  - ************ The premium low to hign is select *************** 
10:47:55.498 [main] INFO  - ************ The lowest international travel plan is displayed *************** 
10:48:08.180 [main] INFO  - ********** Navigate to car insurance page **************** 
10:48:11.583 [main] INFO  - ************ Proceed without providing car number *************** 
10:48:15.027 [main] INFO  - ************ Select city and RTO number *************** 
10:48:21.832 [main] INFO  - ************ Select car brand *************** 
10:48:25.112 [main] INFO  - ************ Select car model *************** 
10:48:28.412 [main] INFO  - ************ Select car varient *************** 
10:48:31.727 [main] INFO  - ************ Verify the user details page is displayed *************** 
10:48:32.120 [main] INFO  - ************ Fill the invalid phone number or email *************** 
10:48:39.065 [main] INFO  - ************ Print the error message *************** 
10:48:54.073 [main] INFO  - ************ Click insurance products menu *************** 
10:48:54.964 [main] INFO  - ************ Navigate to Health insurance page *************** 
10:48:58.053 [main] INFO  - ************ verify the health insurance page is displayed *************** 
10:48:58.473 [main] INFO  - ************ hover the health insurance menu *************** 
10:48:59.079 [main] INFO  - ************ Retrieve all the sub menus successfully *************** 
17:48:03.315 [main] INFO  - ************ Navigate to travel insurance page *************** 
17:48:08.060 [main] INFO  - ************ Click on Any destination country *************** 
17:48:11.715 [main] INFO  - ************ click on next page to navigate date page *************** 
17:48:12.308 [main] INFO  - ************ choose the date and click on next *************** 
17:48:17.509 [main] INFO  - ************ Select number of traveller and age and click on next *************** 
17:48:25.932 [main] INFO  - ************ Choose the medical history details *************** 
17:48:26.769 [main] INFO  - ************ The plan page is visible *************** 
17:48:36.795 [main] INFO  - ************ The premium low to hign is select *************** 
17:48:53.494 [main] INFO  - ************ The lowest international travel plan is displayed *************** 
17:49:39.173 [main] INFO  - ********** Navigate to car insurance page **************** 
17:49:42.775 [main] INFO  - ************ Proceed without providing car number *************** 
17:49:46.161 [main] INFO  - ************ Select city and RTO number *************** 
17:49:52.819 [main] INFO  - ************ Select car brand *************** 
17:49:56.239 [main] INFO  - ************ Select car model *************** 
17:49:59.567 [main] INFO  - ************ Select car varient *************** 
17:50:02.845 [main] INFO  - ************ Verify the user details page is displayed *************** 
17:50:03.196 [main] INFO  - ************ Fill the invalid phone number or email *************** 
17:50:10.195 [main] INFO  - ************ Print the error message *************** 
17:50:24.432 [main] INFO  - ************ Click insurance products menu *************** 
17:50:25.062 [main] INFO  - ************ Navigate to Health insurance page *************** 
22:45:38.303 [main] INFO  - ************ Navigate to travel insurance page *************** 
22:45:40.871 [main] INFO  - ************ Click on Any destination country *************** 
22:45:44.157 [main] INFO  - ************ click on next page to navigate date page *************** 
22:45:44.529 [main] INFO  - ************ choose the date and click on next *************** 
22:45:48.587 [main] INFO  - ************ Select number of traveller and age and click on next *************** 
22:45:55.572 [main] INFO  - ************ Choose the medical history details *************** 
22:45:56.015 [main] INFO  - ************ The plan page is visible *************** 
22:46:05.397 [main] INFO  - ************ The premium low to hign is select *************** 
22:46:20.933 [main] INFO  - ************ The lowest international travel plan is displayed *************** 
22:46:32.202 [main] INFO  - ********** Navigate to car insurance page **************** 
22:46:35.460 [main] INFO  - ************ Proceed without providing car number *************** 
22:46:38.789 [main] INFO  - ************ Select city and RTO number *************** 
22:46:45.266 [main] INFO  - ************ Select car brand *************** 
22:46:48.493 [main] INFO  - ************ Select car model *************** 
22:46:51.682 [main] INFO  - ************ Select car varient *************** 
22:46:54.878 [main] INFO  - ************ Verify the user details page is displayed *************** 
22:46:55.165 [main] INFO  - ************ Fill the invalid phone number or email *************** 
22:47:01.700 [main] INFO  - ************ Print the error message *************** 
22:47:14.882 [main] INFO  - ************ Click insurance products menu *************** 
22:47:15.591 [main] INFO  - ************ Navigate to Health insurance page *************** 
22:47:15.989 [main] INFO  - ************ Retrieve all the sub menus successfully *************** 
22:51:48.675 [main] WARN  - Support to run JUnit tests using TestNG stands deprecated and will be removed in future versions. You can now use the JUnit5 TestNG engine to run both JUnit and TestNG tests. For more information refer to https://github.com/junit-team/testng-engine .
22:51:58.444 [main] INFO  - ************ Navigate to travel insurance page *************** 
22:52:02.883 [main] INFO  - ************ Click on Any destination country *************** 
22:52:06.225 [main] INFO  - ************ click on next page to navigate date page *************** 
22:52:06.668 [main] INFO  - ************ choose the date and click on next *************** 
22:52:11.950 [main] INFO  - ************ Select number of traveller and age and click on next *************** 
22:52:20.252 [main] INFO  - ************ Choose the medical history details *************** 
22:52:20.686 [main] INFO  - ************ The plan page is visible *************** 
22:52:30.283 [main] INFO  - ************ The premium low to hign is select *************** 
22:52:46.122 [main] INFO  - ************ The lowest international travel plan is displayed *************** 
22:52:51.852 [main] INFO  - ********** Navigate to car insurance page **************** 
22:52:55.188 [main] INFO  - ************ Proceed without providing car number *************** 
22:52:58.503 [main] INFO  - ************ Select city and RTO number *************** 
22:53:04.919 [main] INFO  - ************ Select car brand *************** 
22:53:08.138 [main] INFO  - ************ Select car model *************** 
22:53:11.366 [main] INFO  - ************ Select car varient *************** 
22:53:14.652 [main] INFO  - ************ Verify the user details page is displayed *************** 
22:53:14.951 [main] INFO  - ************ Fill the invalid phone number or email *************** 
22:53:21.745 [main] INFO  - ************ Print the error message *************** 
22:53:29.394 [main] INFO  - ************ Click insurance products menu *************** 
22:53:30.116 [main] INFO  - ************ Navigate to Health insurance page *************** 
22:53:30.520 [main] INFO  - ************ Retrieve all the sub menus successfully *************** 
23:05:04.313 [main] WARN  - Support to run JUnit tests using TestNG stands deprecated and will be removed in future versions. You can now use the JUnit5 TestNG engine to run both JUnit and TestNG tests. For more information refer to https://github.com/junit-team/testng-engine .
23:05:13.805 [main] INFO  - ************ Navigate to travel insurance page *************** 
23:05:17.490 [main] INFO  - ************ Click on Any destination country *************** 
23:05:20.899 [main] INFO  - ************ click on next page to navigate date page *************** 
23:05:21.314 [main] INFO  - ************ choose the date and click on next *************** 
23:05:26.315 [main] INFO  - ************ Select number of traveller and age and click on next *************** 
23:05:34.295 [main] INFO  - ************ Choose the medical history details *************** 
23:05:34.765 [main] INFO  - ************ The plan page is visible *************** 
23:05:44.374 [main] INFO  - ************ The premium low to hign is select *************** 
23:06:00.236 [main] INFO  - ************ The lowest international travel plan is displayed *************** 
23:06:06.428 [main] INFO  - ********** Navigate to car insurance page **************** 
23:06:09.767 [main] INFO  - ************ Proceed without providing car number *************** 
23:06:13.185 [main] INFO  - ************ Select city and RTO number *************** 
23:06:19.730 [main] INFO  - ************ Select car brand *************** 
23:06:22.987 [main] INFO  - ************ Select car model *************** 
23:06:26.172 [main] INFO  - ************ Select car varient *************** 
23:06:29.379 [main] INFO  - ************ Verify the user details page is displayed *************** 
23:06:29.685 [main] INFO  - ************ Fill the invalid phone number or email *************** 
23:06:36.462 [main] INFO  - ************ Print the error message *************** 
23:06:44.494 [main] INFO  - ************ Click insurance products menu *************** 
23:06:45.290 [main] INFO  - ************ Navigate to Health insurance page *************** 
23:06:45.721 [main] INFO  - ************ Retrieve all the sub menus successfully *************** 
07:15:58.624 [main] INFO  - ************ Navigate to travel insurance page *************** 
07:16:02.716 [main] INFO  - ************ Click on Any destination country *************** 
07:16:06.312 [main] INFO  - ************ click on next page to navigate date page *************** 
07:16:07.150 [main] INFO  - ************ choose the date and click on next *************** 
07:16:12.614 [main] INFO  - ************ Select number of traveller and age and click on next *************** 
07:16:20.866 [main] INFO  - ************ Choose the medical history details *************** 
07:16:21.574 [main] INFO  - ************ The plan page is visible *************** 
07:16:43.972 [main] INFO  - ********** Navigate to car insurance page **************** 
07:17:07.327 [main] INFO  - ************ Navigate to travel insurance page *************** 
07:17:10.792 [main] INFO  - ************ Click on Any destination country *************** 
07:17:14.202 [main] INFO  - ************ click on next page to navigate date page *************** 
07:17:14.740 [main] INFO  - ************ choose the date and click on next *************** 
07:17:20.188 [main] INFO  - ************ Select number of traveller and age and click on next *************** 
07:17:28.160 [main] INFO  - ************ Choose the medical history details *************** 
07:17:28.799 [main] INFO  - ************ The plan page is visible *************** 
07:18:08.765 [main] INFO  - ************ Navigate to travel insurance page *************** 
07:18:12.056 [main] INFO  - ************ Click on Any destination country *************** 
07:18:15.463 [main] INFO  - ************ click on next page to navigate date page *************** 
07:18:16.064 [main] INFO  - ************ choose the date and click on next *************** 
07:18:21.242 [main] INFO  - ************ Select number of traveller and age and click on next *************** 
07:18:28.899 [main] INFO  - ************ Choose the medical history details *************** 
07:18:29.566 [main] INFO  - ************ The plan page is visible *************** 
07:18:39.193 [main] INFO  - ************ The premium low to hign is select *************** 
07:18:54.922 [main] INFO  - ************ The lowest international travel plan is displayed *************** 
07:19:06.358 [main] INFO  - ********** Navigate to car insurance page **************** 
07:19:09.693 [main] INFO  - ************ Proceed without providing car number *************** 
07:19:13.265 [main] INFO  - ************ Select city and RTO number *************** 
07:19:20.034 [main] INFO  - ************ Select car brand *************** 
07:19:23.397 [main] INFO  - ************ Select car model *************** 
07:19:26.674 [main] INFO  - ************ Select car varient *************** 
07:19:30.105 [main] INFO  - ************ Verify the user details page is displayed *************** 
07:19:30.306 [main] INFO  - ************ Fill the invalid phone number or email *************** 
07:19:37.135 [main] INFO  - ************ Print the error message *************** 
07:19:50.440 [main] INFO  - ************ Click insurance products menu *************** 
07:19:51.903 [main] INFO  - ************ Navigate to Health insurance page *************** 
07:19:52.492 [main] INFO  - ************ Retrieve all the sub menus successfully *************** 
14:13:34.928 [main] WARN  - Support to run JUnit tests using TestNG stands deprecated and will be removed in future versions. You can now use the JUnit5 TestNG engine to run both JUnit and TestNG tests. For more information refer to https://github.com/junit-team/testng-engine .
14:13:42.759 [main] INFO  - ************ Navigate to travel insurance page *************** 
14:13:46.345 [main] INFO  - ************ Click on Any destination country *************** 
14:13:49.694 [main] INFO  - ************ click on next page to navigate date page *************** 
14:13:50.112 [main] INFO  - ************ choose the date and click on next *************** 
14:13:54.961 [main] INFO  - ************ Select number of traveller and age and click on next *************** 
14:14:02.572 [main] INFO  - ************ Choose the medical history details *************** 
14:14:02.966 [main] INFO  - ************ The plan page is visible *************** 
14:14:12.384 [main] INFO  - ************ The premium low to hign is select *************** 
14:14:27.997 [main] INFO  - ************ The lowest international travel plan is displayed *************** 
14:14:32.458 [main] INFO  - ********** Navigate to car insurance page **************** 
14:14:35.708 [main] INFO  - ************ Proceed without providing car number *************** 
14:14:38.967 [main] INFO  - ************ Select city and RTO number *************** 
14:14:45.414 [main] INFO  - ************ Select car brand *************** 
14:14:48.647 [main] INFO  - ************ Select car model *************** 
14:14:51.849 [main] INFO  - ************ Select car varient *************** 
14:14:55.073 [main] INFO  - ************ Verify the user details page is displayed *************** 
14:14:55.232 [main] INFO  - ************ Fill the invalid phone number or email *************** 
14:15:01.964 [main] INFO  - ************ Print the error message *************** 
14:15:08.921 [main] INFO  - ************ Click insurance products menu *************** 
14:15:09.262 [main] INFO  - ************ Navigate to Health insurance page *************** 
14:15:09.616 [main] INFO  - ************ Retrieve all the sub menus successfully *************** 
14:16:00.263 [main] WARN  - Support to run JUnit tests using TestNG stands deprecated and will be removed in future versions. You can now use the JUnit5 TestNG engine to run both JUnit and TestNG tests. For more information refer to https://github.com/junit-team/testng-engine .
14:43:11.224 [main] INFO  - ************ Navigate to travel insurance page *************** 
14:43:13.909 [main] INFO  - ************ Click on Any destination country *************** 
14:43:17.260 [main] INFO  - ************ click on next page to navigate date page *************** 
14:43:17.640 [main] INFO  - ************ choose the date and click on next *************** 
14:43:21.889 [main] INFO  - ************ Select number of traveller and age and click on next *************** 
14:43:29.316 [main] INFO  - ************ Choose the medical history details *************** 
14:43:29.716 [main] INFO  - ************ The plan page is visible *************** 
14:43:39.248 [main] INFO  - ************ The premium low to hign is select *************** 
14:43:54.862 [main] INFO  - ************ The lowest international travel plan is displayed *************** 
14:43:59.322 [main] INFO  - ********** Navigate to car insurance page **************** 
14:44:02.570 [main] INFO  - ************ Proceed without providing car number *************** 
14:44:05.802 [main] INFO  - ************ Select city and RTO number *************** 
14:44:12.194 [main] INFO  - ************ Select car brand *************** 
14:44:15.374 [main] INFO  - ************ Select car model *************** 
14:44:18.543 [main] INFO  - ************ Select car varient *************** 
14:44:21.726 [main] INFO  - ************ Verify the user details page is displayed *************** 
14:44:21.995 [main] INFO  - ************ Fill the invalid phone number or email *************** 
14:44:28.630 [main] INFO  - ************ Print the error message *************** 
14:44:34.913 [main] INFO  - ************ Click insurance products menu *************** 
14:44:35.253 [main] INFO  - ************ Navigate to Health insurance page *************** 
14:44:35.583 [main] INFO  - ************ Retrieve all the sub menus successfully *************** 
14:45:03.402 [main] INFO  - ********** Navigate to car insurance page **************** 
14:45:06.809 [main] INFO  - ************ Proceed without providing car number *************** 
14:45:33.202 [main] INFO  - ************ Click insurance products menu *************** 
14:45:33.790 [main] INFO  - ************ Navigate to Health insurance page *************** 
14:45:34.176 [main] INFO  - ************ Retrieve all the sub menus successfully *************** 
15:08:56.890 [main] INFO  - ************ Navigate to travel insurance page *************** 
15:09:02.454 [main] INFO  - ************ Click on Any destination country *************** 
15:09:05.980 [main] INFO  - ************ click on next page to navigate date page *************** 
15:09:06.691 [main] INFO  - ************ choose the date and click on next *************** 
15:09:11.693 [main] INFO  - ************ Select number of traveller and age and click on next *************** 
15:09:19.235 [main] INFO  - ************ Choose the medical history details *************** 
15:09:19.769 [main] INFO  - ************ The plan page is visible *************** 
15:09:29.251 [main] INFO  - ************ The premium low to hign is select *************** 
15:10:32.324 [main] INFO  - ************ Navigate to travel insurance page *************** 
15:10:37.275 [main] INFO  - ************ Click on Any destination country *************** 
15:10:40.729 [main] INFO  - ************ click on next page to navigate date page *************** 
15:10:41.304 [main] INFO  - ************ choose the date and click on next *************** 
15:10:46.354 [main] INFO  - ************ Select number of traveller and age and click on next *************** 
15:10:54.123 [main] INFO  - ************ Choose the medical history details *************** 
15:10:54.699 [main] INFO  - ************ The plan page is visible *************** 
15:11:04.385 [main] INFO  - ************ The premium low to hign is select *************** 
15:11:20.182 [main] INFO  - ************ The lowest international travel plan is displayed *************** 
15:12:02.154 [main] INFO  - ********** Navigate to car insurance page **************** 
15:12:05.493 [main] INFO  - ************ Proceed without providing car number *************** 
15:12:09.304 [main] INFO  - ************ Select city and RTO number *************** 
15:12:15.805 [main] INFO  - ************ Select car brand *************** 
15:12:19.187 [main] INFO  - ************ Select car model *************** 
15:12:22.413 [main] INFO  - ************ Select car varient *************** 
15:12:25.716 [main] INFO  - ************ Verify the user details page is displayed *************** 
15:12:26.018 [main] INFO  - ************ Fill the invalid phone number or email *************** 
15:12:32.744 [main] INFO  - ************ Print the error message *************** 
15:13:15.647 [main] INFO  - ************ Click insurance products menu *************** 
15:13:16.754 [main] INFO  - ************ Navigate to Health insurance page *************** 
15:13:17.224 [main] INFO  - ************ Retrieve all the sub menus successfully *************** 
15:16:45.641 [main] INFO  - ************ Navigate to travel insurance page *************** 
15:16:49.707 [main] INFO  - ************ Click on Any destination country *************** 
15:16:53.036 [main] INFO  - ************ click on next page to navigate date page *************** 
15:16:53.551 [main] INFO  - ************ choose the date and click on next *************** 
15:16:58.855 [main] INFO  - ************ Select number of traveller and age and click on next *************** 
15:17:06.484 [main] INFO  - ************ Choose the medical history details *************** 
15:17:07.003 [main] INFO  - ************ The plan page is visible *************** 
15:17:16.490 [main] INFO  - ************ The premium low to hign is select *************** 
15:17:32.149 [main] INFO  - ************ The lowest international travel plan is displayed *************** 
15:17:37.447 [main] INFO  - ********** Navigate to car insurance page **************** 
15:17:40.770 [main] INFO  - ************ Proceed without providing car number *************** 
15:17:44.064 [main] INFO  - ************ Select city and RTO number *************** 
15:17:50.456 [main] INFO  - ************ Select car brand *************** 
15:17:53.711 [main] INFO  - ************ Select car model *************** 
15:17:56.906 [main] INFO  - ************ Select car varient *************** 
15:18:00.104 [main] INFO  - ************ Verify the user details page is displayed *************** 
15:18:00.342 [main] INFO  - ************ Fill the invalid phone number or email *************** 
15:18:06.956 [main] INFO  - ************ Print the error message *************** 
15:18:15.065 [main] INFO  - ************ Click insurance products menu *************** 
15:18:15.835 [main] INFO  - ************ Navigate to Health insurance page *************** 
15:18:16.245 [main] INFO  - ************ Retrieve all the sub menus successfully *************** 
16:20:54.268 [main] INFO  - ************ Navigate to travel insurance page *************** 
16:20:58.223 [main] INFO  - ************ Click on Any destination country *************** 
16:21:01.607 [main] INFO  - ************ click on next page to navigate date page *************** 
16:21:02.057 [main] INFO  - ************ choose the date and click on next *************** 
16:21:07.291 [main] INFO  - ************ Select number of traveller and age and click on next *************** 
16:21:15.693 [main] INFO  - ************ Choose the medical history details *************** 
16:21:16.148 [main] INFO  - ************ The plan page is visible *************** 
16:21:25.662 [main] INFO  - ************ The premium low to hign is select *************** 
16:21:41.384 [main] INFO  - ************ The lowest international travel plan is displayed *************** 
16:21:47.512 [main] INFO  - ********** Navigate to car insurance page **************** 
16:21:50.888 [main] INFO  - ************ Proceed without providing car number *************** 
16:21:54.169 [main] INFO  - ************ Select city and RTO number *************** 
16:22:00.608 [main] INFO  - ************ Select car brand *************** 
16:22:03.920 [main] INFO  - ************ Select car model *************** 
16:22:07.148 [main] INFO  - ************ Select car varient *************** 
16:22:10.353 [main] INFO  - ************ Verify the user details page is displayed *************** 
16:22:10.565 [main] INFO  - ************ Fill the invalid phone number or email *************** 
16:22:17.178 [main] INFO  - ************ Print the error message *************** 
16:22:24.744 [main] INFO  - ************ Click insurance products menu *************** 
16:22:25.436 [main] INFO  - ************ Navigate to Health insurance page *************** 
16:22:25.859 [main] INFO  - ************ Retrieve all the sub menus successfully *************** 
16:27:01.749 [main] INFO  - ************ Navigate to travel insurance page *************** 
16:27:06.596 [main] INFO  - ************ Click on Any destination country *************** 
16:27:10.160 [main] INFO  - ************ click on next page to navigate date page *************** 
16:27:11.133 [main] INFO  - ************ choose the date and click on next *************** 
16:27:17.259 [main] INFO  - ************ Select number of traveller and age and click on next *************** 
16:27:26.889 [main] INFO  - ************ Navigate to travel insurance page *************** 
16:27:27.073 [main] INFO  - ************ Choose the medical history details *************** 
16:27:27.870 [main] INFO  - ************ The plan page is visible *************** 
16:27:35.853 [main] INFO  - ************ Click on Any destination country *************** 
16:27:37.422 [main] INFO  - ************ The premium low to hign is select *************** 
16:27:39.359 [main] INFO  - ************ click on next page to navigate date page *************** 
16:27:39.929 [main] INFO  - ************ choose the date and click on next *************** 
16:27:45.550 [main] INFO  - ************ Select number of traveller and age and click on next *************** 
16:27:53.503 [main] INFO  - ************ The lowest international travel plan is displayed *************** 
16:27:54.150 [main] INFO  - ************ Choose the medical history details *************** 
16:27:55.463 [main] INFO  - ************ The plan page is visible *************** 
16:28:03.893 [main] INFO  - ********** Navigate to car insurance page **************** 
16:28:05.660 [main] INFO  - ************ The premium low to hign is select *************** 
16:28:07.547 [main] INFO  - ************ Proceed without providing car number *************** 
16:28:10.963 [main] INFO  - ************ Select city and RTO number *************** 
16:28:17.627 [main] INFO  - ************ Select car brand *************** 
16:28:21.042 [main] INFO  - ************ Select car model *************** 
16:28:21.994 [main] INFO  - ************ The lowest international travel plan is displayed *************** 
16:28:24.436 [main] INFO  - ************ Select car varient *************** 
16:28:27.695 [main] INFO  - ************ Verify the user details page is displayed *************** 
16:28:27.931 [main] INFO  - ************ Fill the invalid phone number or email *************** 
16:28:35.424 [main] INFO  - ************ Print the error message *************** 
16:28:38.334 [main] INFO  - ********** Navigate to car insurance page **************** 
16:28:41.979 [main] INFO  - ************ Proceed without providing car number *************** 
16:28:45.829 [main] INFO  - ************ Select city and RTO number *************** 
16:28:46.624 [main] INFO  - ************ Click insurance products menu *************** 
16:28:47.720 [main] INFO  - ************ Navigate to Health insurance page *************** 
16:28:48.243 [main] INFO  - ************ Retrieve all the sub menus successfully *************** 
16:28:52.523 [main] INFO  - ************ Select car brand *************** 
16:28:56.277 [main] INFO  - ************ Select car model *************** 
16:28:59.688 [main] INFO  - ************ Select car varient *************** 
16:29:03.332 [main] INFO  - ************ Verify the user details page is displayed *************** 
16:29:03.730 [main] INFO  - ************ Fill the invalid phone number or email *************** 
16:29:10.817 [main] INFO  - ************ Print the error message *************** 
16:29:23.927 [main] INFO  - ************ Click insurance products menu *************** 
16:38:08.637 [main] INFO  - ************ Navigate to travel insurance page *************** 
16:38:12.652 [main] INFO  - ************ Click on Any destination country *************** 
16:38:16.065 [main] INFO  - ************ click on next page to navigate date page *************** 
16:38:16.659 [main] INFO  - ************ choose the date and click on next *************** 
16:38:22.221 [main] INFO  - ************ Select number of traveller and age and click on next *************** 
16:38:29.975 [main] INFO  - ************ Choose the medical history details *************** 
16:38:30.477 [main] INFO  - ************ The plan page is visible *************** 
16:38:39.931 [main] INFO  - ************ The premium low to hign is select *************** 
16:38:55.670 [main] INFO  - ************ The lowest international travel plan is displayed *************** 
16:39:01.303 [main] INFO  - ********** Navigate to car insurance page **************** 
16:39:04.662 [main] INFO  - ************ Proceed without providing car number *************** 
16:39:08.038 [main] INFO  - ************ Select city and RTO number *************** 
16:39:14.583 [main] INFO  - ************ Select car brand *************** 
16:39:17.964 [main] INFO  - ************ Select car model *************** 
16:39:21.220 [main] INFO  - ************ Select car varient *************** 
16:39:24.469 [main] INFO  - ************ Verify the user details page is displayed *************** 
16:39:24.683 [main] INFO  - ************ Fill the invalid phone number or email *************** 
16:39:31.529 [main] INFO  - ************ Print the error message *************** 
16:39:39.974 [main] INFO  - ************ Click insurance products menu *************** 
16:39:40.940 [main] INFO  - ************ Navigate to Health insurance page *************** 
16:39:41.319 [main] INFO  - ************ Retrieve all the sub menus successfully *************** 
17:00:03.107 [main] INFO  - ************ Navigate to travel insurance page *************** 
11:05:50.589 [main] INFO  - ************ Navigate to travel insurance page *************** 
11:05:56.919 [main] INFO  - ************ Click on Any destination country *************** 
11:06:00.450 [main] INFO  - ************ click on next page to navigate date page *************** 
11:06:01.030 [main] INFO  - ************ choose the date and click on next *************** 
11:06:07.402 [main] INFO  - ************ Select number of traveller and age and click on next *************** 
11:06:15.881 [main] INFO  - ************ Choose the medical history details *************** 
11:06:16.803 [main] INFO  - ************ The plan page is visible *************** 
11:06:26.539 [main] INFO  - ************ The premium low to hign is select *************** 
11:06:42.516 [main] INFO  - ************ The lowest international travel plan is displayed *************** 
11:06:54.025 [main] INFO  - ********** Navigate to car insurance page **************** 
11:06:57.547 [main] INFO  - ************ Proceed without providing car number *************** 
11:07:01.137 [main] INFO  - ************ Select city and RTO number *************** 
11:07:07.848 [main] INFO  - ************ Select car brand *************** 
11:07:11.418 [main] INFO  - ************ Select car model *************** 
11:07:14.774 [main] INFO  - ************ Select car varient *************** 
11:07:18.163 [main] INFO  - ************ Verify the user details page is displayed *************** 
11:07:18.454 [main] INFO  - ************ Fill the invalid phone number or email *************** 
11:07:25.664 [main] INFO  - ************ Print the error message *************** 
11:08:10.931 [main] INFO  - ************ Click insurance products menu *************** 
11:08:12.008 [main] INFO  - ************ Navigate to Health insurance page *************** 
11:08:12.620 [main] INFO  - ************ Retrieve all the sub menus successfully *************** 
